2024-07-02 17:21:45   INFO [pageObject.AutomationPracticeFormPage] : Шаг выполнен: клик по элементу Download прошел успешно.
2024-07-02 17:21:46   INFO [pageObject.AutomationPracticeFormPage] : Имя файла sampleFile.jpeg
2024-07-02 17:21:49   INFO [AutomationPracticeFormTests] : Browser was closed
2024-07-02 17:21:49   INFO [AutomationPracticeFormTests] : ----------test003 was ended
2024-07-02 17:23:54   INFO [AutomationPracticeFormTests] : --------test002 was started-----------
2024-07-02 17:23:57   INFO [AutomationPracticeFormTests] : Browser was opened
2024-07-02 17:24:02   INFO [pageObject.HomePage] : Page was opened: https://demoqa.com/
2024-07-02 17:24:07   INFO [pageObject.HomePage] : Шаг выполнен: клик по элементу  прошел успешно.
2024-07-02 17:24:08   INFO [pageObject.LeftForm] : Шаг выполнен: клик по элементу  прошел успешно.
2024-07-02 17:24:08   INFO [pageObject.AutomationPracticeFormPage] : Url is correct
2024-07-02 17:24:08   INFO [pageObject.AutomationPracticeFormPage] : Шаг выполнен: клик по элементу Submit прошел успешно.
2024-07-02 17:24:08   INFO [pageObject.AutomationPracticeFormPage] : Element is displayed [[ChromeDriver: chrome on WINDOWS (e2a6e3966b538f671c0a8aa010685ac0)] -> xpath: //form[@class='was-validated']]
2024-07-02 17:24:08   INFO [pageObject.AutomationPracticeFormPage] : Actual color hex: #db4554
2024-07-02 17:24:08   INFO [AutomationPracticeFormTests] : Browser was closed
2024-07-02 17:24:08   INFO [AutomationPracticeFormTests] : ----------test002 was ended
2024-07-02 17:25:30   INFO [AutomationPracticeFormTests] : --------test002 was started-----------
2024-07-02 17:25:33   INFO [AutomationPracticeFormTests] : Browser was opened
2024-07-02 17:25:38   INFO [pageObject.HomePage] : Page was opened: https://demoqa.com/
2024-07-02 17:25:58   INFO [pageObject.HomePage] : Элемент не кликабельный Error: Expected condition failed: waiting for element to be clickable: Proxy element for: DefaultElementLocator 'By.xpath: //*[text()='Forms']/ancestor::div[contains(@class,'top-card')]' (tried for 10 second(s) with 500 milliseconds interval)
2024-07-02 17:26:08  ERROR [pageObject.HomePage] : Ошибка при клике по элементу : no such element: Unable to locate element: {"method":"xpath","selector":"//*[text()='Forms']/ancestor::div[contains(@class,'top-card')]"}
  (Session info: chrome=121.0.6167.140)
For documentation on this error, please visit: https://selenium.dev/exceptions/#no_such_element
Build info: version: '4.8.3', revision: 'e5e76298c3'
System info: os.name: 'Windows 10', os.arch: 'amd64', os.version: '10.0', java.version: '15.0.2'
Driver info: org.openqa.selenium.chrome.ChromeDriver
Command: [bc0f338d90842fb29e42c7bc43720a5f, findElement {using=xpath, value=//*[text()='Forms']/ancestor::div[contains(@class,'top-card')]}]
Capabilities {acceptInsecureCerts: false, browserName: chrome, browserVersion: 121.0.6167.140, chrome: {chromedriverVersion: 121.0.6167.85 (3f98d690ad7e..., userDataDir: C:\Users\Honor\AppData\Loca...}, fedcm:accounts: true, goog:chromeOptions: {debuggerAddress: localhost:51895}, networkConnectionEnabled: false, pageLoadStrategy: normal, platformName: WINDOWS, proxy: Proxy(), se:cdp: ws://localhost:51895/devtoo..., se:cdpVersion: 121.0.6167.140, setWindowRect: true, strictFileInteractability: false, timeouts: {implicit: 0, pageLoad: 300000, script: 30000}, unhandledPromptBehavior: dismiss and notify, webauthn:extension:credBlob: true, webauthn:extension:largeBlob: true, webauthn:extension:minPinLength: true, webauthn:extension:prf: true, webauthn:virtualAuthenticators: true}
Session ID: bc0f338d90842fb29e42c7bc43720a5f
org.openqa.selenium.NoSuchElementException: no such element: Unable to locate element: {"method":"xpath","selector":"//*[text()='Forms']/ancestor::div[contains(@class,'top-card')]"}
  (Session info: chrome=121.0.6167.140)
For documentation on this error, please visit: https://selenium.dev/exceptions/#no_such_element
Build info: version: '4.8.3', revision: 'e5e76298c3'
System info: os.name: 'Windows 10', os.arch: 'amd64', os.version: '10.0', java.version: '15.0.2'
Driver info: org.openqa.selenium.chrome.ChromeDriver
Command: [bc0f338d90842fb29e42c7bc43720a5f, findElement {using=xpath, value=//*[text()='Forms']/ancestor::div[contains(@class,'top-card')]}]
Capabilities {acceptInsecureCerts: false, browserName: chrome, browserVersion: 121.0.6167.140, chrome: {chromedriverVersion: 121.0.6167.85 (3f98d690ad7e..., userDataDir: C:\Users\Honor\AppData\Loca...}, fedcm:accounts: true, goog:chromeOptions: {debuggerAddress: localhost:51895}, networkConnectionEnabled: false, pageLoadStrategy: normal, platformName: WINDOWS, proxy: Proxy(), se:cdp: ws://localhost:51895/devtoo..., se:cdpVersion: 121.0.6167.140, setWindowRect: true, strictFileInteractability: false, timeouts: {implicit: 0, pageLoad: 300000, script: 30000}, unhandledPromptBehavior: dismiss and notify, webauthn:extension:credBlob: true, webauthn:extension:largeBlob: true, webauthn:extension:minPinLength: true, webauthn:extension:prf: true, webauthn:virtualAuthenticators: true}
Session ID: bc0f338d90842fb29e42c7bc43720a5f
	at java.base/jdk.internal.reflect.NativeConstructorAccessorImpl.newInstance0(Native Method)
	at java.base/jdk.internal.reflect.NativeConstructorAccessorImpl.newInstance(NativeConstructorAccessorImpl.java:64)
	at java.base/jdk.internal.reflect.DelegatingConstructorAccessorImpl.newInstance(DelegatingConstructorAccessorImpl.java:45)
	at java.base/java.lang.reflect.Constructor.newInstanceWithCaller(Constructor.java:500)
	at java.base/java.lang.reflect.Constructor.newInstance(Constructor.java:481)
	at org.openqa.selenium.remote.codec.w3c.W3CHttpResponseCodec.createException(W3CHttpResponseCodec.java:200)
	at org.openqa.selenium.remote.codec.w3c.W3CHttpResponseCodec.decode(W3CHttpResponseCodec.java:133)
	at org.openqa.selenium.remote.codec.w3c.W3CHttpResponseCodec.decode(W3CHttpResponseCodec.java:53)
	at org.openqa.selenium.remote.HttpCommandExecutor.execute(HttpCommandExecutor.java:193)
	at org.openqa.selenium.remote.service.DriverCommandExecutor.invokeExecute(DriverCommandExecutor.java:183)
	at org.openqa.selenium.remote.service.DriverCommandExecutor.execute(DriverCommandExecutor.java:158)
	at org.openqa.selenium.remote.RemoteWebDriver.execute(RemoteWebDriver.java:543)
	at org.openqa.selenium.remote.ElementLocation$ElementFinder$2.findElement(ElementLocation.java:162)
	at org.openqa.selenium.remote.ElementLocation.findElement(ElementLocation.java:60)
	at org.openqa.selenium.remote.RemoteWebDriver.findElement(RemoteWebDriver.java:352)
	at org.openqa.selenium.remote.RemoteWebDriver.findElement(RemoteWebDriver.java:344)
	at org.openqa.selenium.support.pagefactory.DefaultElementLocator.findElement(DefaultElementLocator.java:70)
	at org.openqa.selenium.support.pagefactory.internal.LocatingElementHandler.invoke(LocatingElementHandler.java:39)
	at com.sun.proxy.$Proxy19.click(Unknown Source)
	at core.Actions.waitAndClick(Actions.java:116)
	at pageObject.HomePage.clickFormsCard(HomePage.java:25)
	at AutomationPracticeFormTests.test002(AutomationPracticeFormTests.java:49)
	at java.base/jdk.internal.reflect.NativeMethodAccessorImpl.invoke0(Native Method)
	at java.base/jdk.internal.reflect.NativeMethodAccessorImpl.invoke(NativeMethodAccessorImpl.java:64)
	at java.base/jdk.internal.reflect.DelegatingMethodAccessorImpl.invoke(DelegatingMethodAccessorImpl.java:43)
	at java.base/java.lang.reflect.Method.invoke(Method.java:564)
	at org.junit.runners.model.FrameworkMethod$1.runReflectiveCall(FrameworkMethod.java:50)
	at org.junit.internal.runners.model.ReflectiveCallable.run(ReflectiveCallable.java:12)
	at org.junit.runners.model.FrameworkMethod.invokeExplosively(FrameworkMethod.java:47)
	at org.junit.internal.runners.statements.InvokeMethod.evaluate(InvokeMethod.java:17)
	at org.junit.internal.runners.statements.RunBefores.evaluate(RunBefores.java:26)
	at org.junit.internal.runners.statements.RunAfters.evaluate(RunAfters.java:27)
	at org.junit.rules.TestWatcher$1.evaluate(TestWatcher.java:55)
	at org.junit.rules.RunRules.evaluate(RunRules.java:20)
	at org.junit.runners.ParentRunner.runLeaf(ParentRunner.java:325)
	at org.junit.runners.BlockJUnit4ClassRunner.runChild(BlockJUnit4ClassRunner.java:78)
	at org.junit.runners.BlockJUnit4ClassRunner.runChild(BlockJUnit4ClassRunner.java:57)
	at org.junit.runners.ParentRunner$3.run(ParentRunner.java:290)
	at org.junit.runners.ParentRunner$1.schedule(ParentRunner.java:71)
	at org.junit.runners.ParentRunner.runChildren(ParentRunner.java:288)
	at org.junit.runners.ParentRunner.access$000(ParentRunner.java:58)
	at org.junit.runners.ParentRunner$2.evaluate(ParentRunner.java:268)
	at org.junit.runners.ParentRunner.run(ParentRunner.java:363)
	at org.junit.runner.JUnitCore.run(JUnitCore.java:137)
	at com.intellij.junit4.JUnit4IdeaTestRunner.startRunnerWithArgs(JUnit4IdeaTestRunner.java:69)
	at com.intellij.rt.junit.IdeaTestRunner$Repeater$1.execute(IdeaTestRunner.java:38)
	at com.intellij.rt.execution.junit.TestsRepeater.repeat(TestsRepeater.java:11)
	at com.intellij.rt.junit.IdeaTestRunner$Repeater.startRunnerWithArgs(IdeaTestRunner.java:35)
	at com.intellij.rt.junit.JUnitStarter.prepareStreamsAndStart(JUnitStarter.java:232)
	at com.intellij.rt.junit.JUnitStarter.main(JUnitStarter.java:55)
2024-07-02 17:27:04   INFO [AutomationPracticeFormTests] : --------test002 was started-----------
2024-07-02 17:27:07   INFO [AutomationPracticeFormTests] : Browser was opened
2024-07-02 17:27:11   INFO [pageObject.HomePage] : Page was opened: https://demoqa.com/
2024-07-02 17:27:17   INFO [pageObject.HomePage] : Шаг выполнен: клик по элементу  прошел успешно.
2024-07-02 17:27:17   INFO [pageObject.LeftForm] : Шаг выполнен: клик по элементу  прошел успешно.
2024-07-02 17:27:17   INFO [pageObject.AutomationPracticeFormPage] : Url is correct
2024-07-02 17:27:17   INFO [pageObject.AutomationPracticeFormPage] : Шаг выполнен: клик по элементу Submit прошел успешно.
2024-07-02 17:27:17   INFO [pageObject.AutomationPracticeFormPage] : Element is displayed [[ChromeDriver: chrome on WINDOWS (88794287c5a7c9c3d153b20843ac2345)] -> xpath: //form[@class='was-validated']]
2024-07-02 17:27:17   INFO [pageObject.AutomationPracticeFormPage] : Actual color hex: #dc3949
2024-07-02 17:27:18   INFO [AutomationPracticeFormTests] : Browser was closed
2024-07-02 17:27:18   INFO [AutomationPracticeFormTests] : ----------test002 was ended
2024-07-02 17:28:26   INFO [AutomationPracticeFormTests] : --------test002 was started-----------
2024-07-02 17:28:29   INFO [AutomationPracticeFormTests] : Browser was opened
2024-07-02 17:28:30   INFO [pageObject.HomePage] : Page was opened: https://demoqa.com/
2024-07-02 17:28:42   INFO [pageObject.HomePage] : Шаг выполнен: клик по элементу  прошел успешно.
2024-07-02 17:28:43   INFO [pageObject.LeftForm] : Шаг выполнен: клик по элементу  прошел успешно.
2024-07-02 17:28:43   INFO [pageObject.AutomationPracticeFormPage] : Url is correct
2024-07-02 17:28:43   INFO [pageObject.AutomationPracticeFormPage] : Шаг выполнен: клик по элементу Submit прошел успешно.
2024-07-02 17:28:43   INFO [pageObject.AutomationPracticeFormPage] : Element is displayed [[ChromeDriver: chrome on WINDOWS (fe05539d6494c848cb972595f3159186)] -> xpath: //form[@class='was-validated']]
2024-07-02 17:28:46   INFO [pageObject.AutomationPracticeFormPage] : Actual color hex: #dc3545
2024-07-02 17:28:46   INFO [pageObject.AutomationPracticeFormPage] : Expected Value #dc3545 equals #dc3545
2024-07-02 17:28:46   INFO [pageObject.AutomationPracticeFormPage] : Actual color hex: #dc3545
2024-07-02 17:28:46   INFO [pageObject.AutomationPracticeFormPage] : Expected Value #dc3545 equals #dc3545
2024-07-02 17:28:46   INFO [pageObject.AutomationPracticeFormPage] : Actual color hex: #dc3545
2024-07-02 17:28:46   INFO [pageObject.AutomationPracticeFormPage] : Expected Value #dc3545 equals #dc3545
2024-07-02 17:28:46   INFO [pageObject.AutomationPracticeFormPage] : Url is correct
2024-07-02 17:28:46   INFO [AutomationPracticeFormTests] : Browser was closed
2024-07-02 17:28:46   INFO [AutomationPracticeFormTests] : ----------test002 was ended
2024-07-02 20:10:30   INFO [UploadDownloadTests] : --------test003 was started-----------
2024-07-02 20:10:35   INFO [UploadDownloadTests] : Browser was opened
2024-07-02 20:10:47   INFO [pageObject.HomePage] : Page was opened: https://demoqa.com/
2024-07-02 20:10:53   INFO [pageObject.HomePage] : Шаг выполнен: клик по элементу  прошел успешно.
2024-07-02 20:10:54  ERROR [pageObject.LeftForm] : Ошибка при клике по элементу : element click intercepted: Element <li class="btn btn-light " id="item-7">...</li> is not clickable at point (200, 671). Other element would receive the click: <div id="fixedban" style="width:100%;margin:auto;text-align:center;float:none;overflow:hidden;display:scroll;position:fixed;bottom:0;z-index:9999999">...</div>
  (Session info: chrome=121.0.6167.140)
Build info: version: '4.8.3', revision: 'e5e76298c3'
System info: os.name: 'Windows 10', os.arch: 'amd64', os.version: '10.0', java.version: '15.0.2'
Driver info: org.openqa.selenium.chrome.ChromeDriver
Command: [f1708e62bd2492d18fa31314ab7007e6, clickElement {id=7DED3E7E475E0A3D52639BD0BBEC3E35_element_63}]
Capabilities {acceptInsecureCerts: false, browserName: chrome, browserVersion: 121.0.6167.140, chrome: {chromedriverVersion: 121.0.6167.85 (3f98d690ad7e..., userDataDir: C:\Users\Honor\AppData\Loca...}, fedcm:accounts: true, goog:chromeOptions: {debuggerAddress: localhost:57808}, networkConnectionEnabled: false, pageLoadStrategy: normal, platformName: WINDOWS, proxy: Proxy(), se:cdp: ws://localhost:57808/devtoo..., se:cdpVersion: 121.0.6167.140, setWindowRect: true, strictFileInteractability: false, timeouts: {implicit: 0, pageLoad: 300000, script: 30000}, unhandledPromptBehavior: dismiss and notify, webauthn:extension:credBlob: true, webauthn:extension:largeBlob: true, webauthn:extension:minPinLength: true, webauthn:extension:prf: true, webauthn:virtualAuthenticators: true}
Element: [[ChromeDriver: chrome on WINDOWS (f1708e62bd2492d18fa31314ab7007e6)] -> xpath: //span[text()='Upload and Download']/ancestor::li]
Session ID: f1708e62bd2492d18fa31314ab7007e6
org.openqa.selenium.ElementClickInterceptedException: element click intercepted: Element <li class="btn btn-light " id="item-7">...</li> is not clickable at point (200, 671). Other element would receive the click: <div id="fixedban" style="width:100%;margin:auto;text-align:center;float:none;overflow:hidden;display:scroll;position:fixed;bottom:0;z-index:9999999">...</div>
  (Session info: chrome=121.0.6167.140)
Build info: version: '4.8.3', revision: 'e5e76298c3'
System info: os.name: 'Windows 10', os.arch: 'amd64', os.version: '10.0', java.version: '15.0.2'
Driver info: org.openqa.selenium.chrome.ChromeDriver
Command: [f1708e62bd2492d18fa31314ab7007e6, clickElement {id=7DED3E7E475E0A3D52639BD0BBEC3E35_element_63}]
Capabilities {acceptInsecureCerts: false, browserName: chrome, browserVersion: 121.0.6167.140, chrome: {chromedriverVersion: 121.0.6167.85 (3f98d690ad7e..., userDataDir: C:\Users\Honor\AppData\Loca...}, fedcm:accounts: true, goog:chromeOptions: {debuggerAddress: localhost:57808}, networkConnectionEnabled: false, pageLoadStrategy: normal, platformName: WINDOWS, proxy: Proxy(), se:cdp: ws://localhost:57808/devtoo..., se:cdpVersion: 121.0.6167.140, setWindowRect: true, strictFileInteractability: false, timeouts: {implicit: 0, pageLoad: 300000, script: 30000}, unhandledPromptBehavior: dismiss and notify, webauthn:extension:credBlob: true, webauthn:extension:largeBlob: true, webauthn:extension:minPinLength: true, webauthn:extension:prf: true, webauthn:virtualAuthenticators: true}
Element: [[ChromeDriver: chrome on WINDOWS (f1708e62bd2492d18fa31314ab7007e6)] -> xpath: //span[text()='Upload and Download']/ancestor::li]
Session ID: f1708e62bd2492d18fa31314ab7007e6
	at java.base/jdk.internal.reflect.NativeConstructorAccessorImpl.newInstance0(Native Method)
	at java.base/jdk.internal.reflect.NativeConstructorAccessorImpl.newInstance(NativeConstructorAccessorImpl.java:64)
	at java.base/jdk.internal.reflect.DelegatingConstructorAccessorImpl.newInstance(DelegatingConstructorAccessorImpl.java:45)
	at java.base/java.lang.reflect.Constructor.newInstanceWithCaller(Constructor.java:500)
	at java.base/java.lang.reflect.Constructor.newInstance(Constructor.java:481)
	at org.openqa.selenium.remote.codec.w3c.W3CHttpResponseCodec.createException(W3CHttpResponseCodec.java:200)
	at org.openqa.selenium.remote.codec.w3c.W3CHttpResponseCodec.decode(W3CHttpResponseCodec.java:133)
	at org.openqa.selenium.remote.codec.w3c.W3CHttpResponseCodec.decode(W3CHttpResponseCodec.java:53)
	at org.openqa.selenium.remote.HttpCommandExecutor.execute(HttpCommandExecutor.java:193)
	at org.openqa.selenium.remote.service.DriverCommandExecutor.invokeExecute(DriverCommandExecutor.java:183)
	at org.openqa.selenium.remote.service.DriverCommandExecutor.execute(DriverCommandExecutor.java:158)
	at org.openqa.selenium.remote.RemoteWebDriver.execute(RemoteWebDriver.java:543)
	at org.openqa.selenium.remote.RemoteWebElement.execute(RemoteWebElement.java:257)
	at org.openqa.selenium.remote.RemoteWebElement.click(RemoteWebElement.java:78)
	at java.base/jdk.internal.reflect.NativeMethodAccessorImpl.invoke0(Native Method)
	at java.base/jdk.internal.reflect.NativeMethodAccessorImpl.invoke(NativeMethodAccessorImpl.java:64)
	at java.base/jdk.internal.reflect.DelegatingMethodAccessorImpl.invoke(DelegatingMethodAccessorImpl.java:43)
	at java.base/java.lang.reflect.Method.invoke(Method.java:564)
	at org.openqa.selenium.support.pagefactory.internal.LocatingElementHandler.invoke(LocatingElementHandler.java:52)
	at com.sun.proxy.$Proxy19.click(Unknown Source)
	at core.Actions.waitAndClick(Actions.java:117)
	at pageObject.LeftForm.clickUploadAndDownloadButton(LeftForm.java:32)
	at UploadDownloadTests.test003(UploadDownloadTests.java:13)
	at java.base/jdk.internal.reflect.NativeMethodAccessorImpl.invoke0(Native Method)
	at java.base/jdk.internal.reflect.NativeMethodAccessorImpl.invoke(NativeMethodAccessorImpl.java:64)
	at java.base/jdk.internal.reflect.DelegatingMethodAccessorImpl.invoke(DelegatingMethodAccessorImpl.java:43)
	at java.base/java.lang.reflect.Method.invoke(Method.java:564)
	at org.junit.runners.model.FrameworkMethod$1.runReflectiveCall(FrameworkMethod.java:50)
	at org.junit.internal.runners.model.ReflectiveCallable.run(ReflectiveCallable.java:12)
	at org.junit.runners.model.FrameworkMethod.invokeExplosively(FrameworkMethod.java:47)
	at org.junit.internal.runners.statements.InvokeMethod.evaluate(InvokeMethod.java:17)
	at org.junit.internal.runners.statements.RunBefores.evaluate(RunBefores.java:26)
	at org.junit.internal.runners.statements.RunAfters.evaluate(RunAfters.java:27)
	at org.junit.rules.TestWatcher$1.evaluate(TestWatcher.java:55)
	at org.junit.rules.RunRules.evaluate(RunRules.java:20)
	at org.junit.runners.ParentRunner.runLeaf(ParentRunner.java:325)
	at org.junit.runners.BlockJUnit4ClassRunner.runChild(BlockJUnit4ClassRunner.java:78)
	at org.junit.runners.BlockJUnit4ClassRunner.runChild(BlockJUnit4ClassRunner.java:57)
	at org.junit.runners.ParentRunner$3.run(ParentRunner.java:290)
	at org.junit.runners.ParentRunner$1.schedule(ParentRunner.java:71)
	at org.junit.runners.ParentRunner.runChildren(ParentRunner.java:288)
	at org.junit.runners.ParentRunner.access$000(ParentRunner.java:58)
	at org.junit.runners.ParentRunner$2.evaluate(ParentRunner.java:268)
	at org.junit.runners.ParentRunner.run(ParentRunner.java:363)
	at org.junit.runner.JUnitCore.run(JUnitCore.java:137)
	at com.intellij.junit4.JUnit4IdeaTestRunner.startRunnerWithArgs(JUnit4IdeaTestRunner.java:69)
	at com.intellij.rt.junit.IdeaTestRunner$Repeater$1.execute(IdeaTestRunner.java:38)
	at com.intellij.rt.execution.junit.TestsRepeater.repeat(TestsRepeater.java:11)
	at com.intellij.rt.junit.IdeaTestRunner$Repeater.startRunnerWithArgs(IdeaTestRunner.java:35)
	at com.intellij.rt.junit.JUnitStarter.prepareStreamsAndStart(JUnitStarter.java:232)
	at com.intellij.rt.junit.JUnitStarter.main(JUnitStarter.java:55)
2024-07-02 20:11:15   INFO [pageObject.UploadDownloadPage] : Элемент не кликабельный Error: Expected condition failed: waiting for element to be clickable: Proxy element for: DefaultElementLocator 'By.id: downloadButton' (tried for 10 second(s) with 500 milliseconds interval)
2024-07-02 20:11:25  ERROR [pageObject.UploadDownloadPage] : Ошибка при клике по элементу : no such element: Unable to locate element: {"method":"css selector","selector":"#downloadButton"}
  (Session info: chrome=121.0.6167.140)
For documentation on this error, please visit: https://selenium.dev/exceptions/#no_such_element
Build info: version: '4.8.3', revision: 'e5e76298c3'
System info: os.name: 'Windows 10', os.arch: 'amd64', os.version: '10.0', java.version: '15.0.2'
Driver info: org.openqa.selenium.chrome.ChromeDriver
Command: [f1708e62bd2492d18fa31314ab7007e6, findElement {using=id, value=downloadButton}]
Capabilities {acceptInsecureCerts: false, browserName: chrome, browserVersion: 121.0.6167.140, chrome: {chromedriverVersion: 121.0.6167.85 (3f98d690ad7e..., userDataDir: C:\Users\Honor\AppData\Loca...}, fedcm:accounts: true, goog:chromeOptions: {debuggerAddress: localhost:57808}, networkConnectionEnabled: false, pageLoadStrategy: normal, platformName: WINDOWS, proxy: Proxy(), se:cdp: ws://localhost:57808/devtoo..., se:cdpVersion: 121.0.6167.140, setWindowRect: true, strictFileInteractability: false, timeouts: {implicit: 0, pageLoad: 300000, script: 30000}, unhandledPromptBehavior: dismiss and notify, webauthn:extension:credBlob: true, webauthn:extension:largeBlob: true, webauthn:extension:minPinLength: true, webauthn:extension:prf: true, webauthn:virtualAuthenticators: true}
Session ID: f1708e62bd2492d18fa31314ab7007e6
org.openqa.selenium.NoSuchElementException: no such element: Unable to locate element: {"method":"css selector","selector":"#downloadButton"}
  (Session info: chrome=121.0.6167.140)
For documentation on this error, please visit: https://selenium.dev/exceptions/#no_such_element
Build info: version: '4.8.3', revision: 'e5e76298c3'
System info: os.name: 'Windows 10', os.arch: 'amd64', os.version: '10.0', java.version: '15.0.2'
Driver info: org.openqa.selenium.chrome.ChromeDriver
Command: [f1708e62bd2492d18fa31314ab7007e6, findElement {using=id, value=downloadButton}]
Capabilities {acceptInsecureCerts: false, browserName: chrome, browserVersion: 121.0.6167.140, chrome: {chromedriverVersion: 121.0.6167.85 (3f98d690ad7e..., userDataDir: C:\Users\Honor\AppData\Loca...}, fedcm:accounts: true, goog:chromeOptions: {debuggerAddress: localhost:57808}, networkConnectionEnabled: false, pageLoadStrategy: normal, platformName: WINDOWS, proxy: Proxy(), se:cdp: ws://localhost:57808/devtoo..., se:cdpVersion: 121.0.6167.140, setWindowRect: true, strictFileInteractability: false, timeouts: {implicit: 0, pageLoad: 300000, script: 30000}, unhandledPromptBehavior: dismiss and notify, webauthn:extension:credBlob: true, webauthn:extension:largeBlob: true, webauthn:extension:minPinLength: true, webauthn:extension:prf: true, webauthn:virtualAuthenticators: true}
Session ID: f1708e62bd2492d18fa31314ab7007e6
	at java.base/jdk.internal.reflect.NativeConstructorAccessorImpl.newInstance0(Native Method)
	at java.base/jdk.internal.reflect.NativeConstructorAccessorImpl.newInstance(NativeConstructorAccessorImpl.java:64)
	at java.base/jdk.internal.reflect.DelegatingConstructorAccessorImpl.newInstance(DelegatingConstructorAccessorImpl.java:45)
	at java.base/java.lang.reflect.Constructor.newInstanceWithCaller(Constructor.java:500)
	at java.base/java.lang.reflect.Constructor.newInstance(Constructor.java:481)
	at org.openqa.selenium.remote.codec.w3c.W3CHttpResponseCodec.createException(W3CHttpResponseCodec.java:200)
	at org.openqa.selenium.remote.codec.w3c.W3CHttpResponseCodec.decode(W3CHttpResponseCodec.java:133)
	at org.openqa.selenium.remote.codec.w3c.W3CHttpResponseCodec.decode(W3CHttpResponseCodec.java:53)
	at org.openqa.selenium.remote.HttpCommandExecutor.execute(HttpCommandExecutor.java:193)
	at org.openqa.selenium.remote.service.DriverCommandExecutor.invokeExecute(DriverCommandExecutor.java:183)
	at org.openqa.selenium.remote.service.DriverCommandExecutor.execute(DriverCommandExecutor.java:158)
	at org.openqa.selenium.remote.RemoteWebDriver.execute(RemoteWebDriver.java:543)
	at org.openqa.selenium.remote.ElementLocation$ElementFinder$2.findElement(ElementLocation.java:162)
	at org.openqa.selenium.remote.ElementLocation.findElement(ElementLocation.java:60)
	at org.openqa.selenium.remote.RemoteWebDriver.findElement(RemoteWebDriver.java:352)
	at org.openqa.selenium.remote.RemoteWebDriver.findElement(RemoteWebDriver.java:344)
	at org.openqa.selenium.support.pagefactory.DefaultElementLocator.findElement(DefaultElementLocator.java:70)
	at org.openqa.selenium.support.pagefactory.internal.LocatingElementHandler.invoke(LocatingElementHandler.java:39)
	at com.sun.proxy.$Proxy19.click(Unknown Source)
	at core.Actions.waitAndClick(Actions.java:117)
	at pageObject.UploadDownloadPage.clickDownloadButton(UploadDownloadPage.java:31)
	at UploadDownloadTests.test003(UploadDownloadTests.java:14)
	at java.base/jdk.internal.reflect.NativeMethodAccessorImpl.invoke0(Native Method)
	at java.base/jdk.internal.reflect.NativeMethodAccessorImpl.invoke(NativeMethodAccessorImpl.java:64)
	at java.base/jdk.internal.reflect.DelegatingMethodAccessorImpl.invoke(DelegatingMethodAccessorImpl.java:43)
	at java.base/java.lang.reflect.Method.invoke(Method.java:564)
	at org.junit.runners.model.FrameworkMethod$1.runReflectiveCall(FrameworkMethod.java:50)
	at org.junit.internal.runners.model.ReflectiveCallable.run(ReflectiveCallable.java:12)
	at org.junit.runners.model.FrameworkMethod.invokeExplosively(FrameworkMethod.java:47)
	at org.junit.internal.runners.statements.InvokeMethod.evaluate(InvokeMethod.java:17)
	at org.junit.internal.runners.statements.RunBefores.evaluate(RunBefores.java:26)
	at org.junit.internal.runners.statements.RunAfters.evaluate(RunAfters.java:27)
	at org.junit.rules.TestWatcher$1.evaluate(TestWatcher.java:55)
	at org.junit.rules.RunRules.evaluate(RunRules.java:20)
	at org.junit.runners.ParentRunner.runLeaf(ParentRunner.java:325)
	at org.junit.runners.BlockJUnit4ClassRunner.runChild(BlockJUnit4ClassRunner.java:78)
	at org.junit.runners.BlockJUnit4ClassRunner.runChild(BlockJUnit4ClassRunner.java:57)
	at org.junit.runners.ParentRunner$3.run(ParentRunner.java:290)
	at org.junit.runners.ParentRunner$1.schedule(ParentRunner.java:71)
	at org.junit.runners.ParentRunner.runChildren(ParentRunner.java:288)
	at org.junit.runners.ParentRunner.access$000(ParentRunner.java:58)
	at org.junit.runners.ParentRunner$2.evaluate(ParentRunner.java:268)
	at org.junit.runners.ParentRunner.run(ParentRunner.java:363)
	at org.junit.runner.JUnitCore.run(JUnitCore.java:137)
	at com.intellij.junit4.JUnit4IdeaTestRunner.startRunnerWithArgs(JUnit4IdeaTestRunner.java:69)
	at com.intellij.rt.junit.IdeaTestRunner$Repeater$1.execute(IdeaTestRunner.java:38)
	at com.intellij.rt.execution.junit.TestsRepeater.repeat(TestsRepeater.java:11)
	at com.intellij.rt.junit.IdeaTestRunner$Repeater.startRunnerWithArgs(IdeaTestRunner.java:35)
	at com.intellij.rt.junit.JUnitStarter.prepareStreamsAndStart(JUnitStarter.java:232)
	at com.intellij.rt.junit.JUnitStarter.main(JUnitStarter.java:55)
2024-07-02 20:11:30   INFO [UploadDownloadTests] : Browser was closed
2024-07-02 20:11:30   INFO [UploadDownloadTests] : ----------test003 was ended
2024-07-02 20:11:58   INFO [UploadDownloadTests] : --------test003 was started-----------
2024-07-02 20:12:01   INFO [UploadDownloadTests] : Browser was opened
2024-07-02 20:12:15   INFO [pageObject.HomePage] : Page was opened: https://demoqa.com/
2024-07-02 20:12:20   INFO [pageObject.HomePage] : Шаг выполнен: клик по элементу  прошел успешно.
2024-07-02 20:12:20   INFO [pageObject.LeftForm] : Шаг выполнен: клик по элементу  прошел успешно.
2024-07-02 20:12:21   INFO [pageObject.UploadDownloadPage] : Шаг выполнен: клик по элементу Download прошел успешно.
2024-07-02 20:12:21   INFO [pageObject.UploadDownloadPage] : Имя файла sampleFile.jpeg
2024-07-02 20:12:21   INFO [pageObject.UploadDownloadPage] : Директория существует. Список файлов:
2024-07-02 20:12:21   INFO [pageObject.UploadDownloadPage] : sampleFile.jpeg
2024-07-02 20:12:21   INFO [pageObject.UploadDownloadPage] : Файл успешно удален
2024-07-02 20:12:21   INFO [UploadDownloadTests] : Browser was closed
2024-07-02 20:12:21   INFO [UploadDownloadTests] : ----------test003 was ended
2024-07-02 20:13:24   INFO [UploadDownloadTests] : --------test003 was started-----------
2024-07-02 20:13:27   INFO [UploadDownloadTests] : Browser was opened
2024-07-02 20:13:33   INFO [pageObject.HomePage] : Page was opened: https://demoqa.com/
2024-07-02 20:13:39   INFO [pageObject.HomePage] : Шаг выполнен: клик по элементу  прошел успешно.
2024-07-02 20:13:39   INFO [pageObject.LeftForm] : Шаг выполнен: клик по элементу  прошел успешно.
2024-07-02 20:13:39   INFO [pageObject.UploadDownloadPage] : Шаг выполнен: клик по элементу Download прошел успешно.
2024-07-02 20:13:39   INFO [pageObject.UploadDownloadPage] : Имя файла sampleFile.jpeg
2024-07-02 20:13:39   INFO [pageObject.UploadDownloadPage] : Директория существует. Список файлов:
2024-07-02 20:13:39   INFO [pageObject.UploadDownloadPage] : sampleFile.jpeg
2024-07-02 20:13:39   INFO [pageObject.UploadDownloadPage] : sampleFile.jpeg
2024-07-02 20:13:39   INFO [pageObject.UploadDownloadPage] : Файл успешно удален
2024-07-02 20:13:39   INFO [UploadDownloadTests] : Browser was closed
2024-07-02 20:13:39   INFO [UploadDownloadTests] : ----------test003 was ended
2024-07-02 20:14:53   INFO [UploadDownloadTests] : --------test003 was started-----------
2024-07-02 20:14:56   INFO [UploadDownloadTests] : Browser was opened
2024-07-02 20:15:06   INFO [pageObject.HomePage] : Page was opened: https://demoqa.com/
2024-07-02 20:15:11   INFO [pageObject.HomePage] : Шаг выполнен: клик по элементу  прошел успешно.
2024-07-02 20:15:11   INFO [pageObject.LeftForm] : Шаг выполнен: клик по элементу  прошел успешно.
2024-07-02 20:15:11   INFO [pageObject.UploadDownloadPage] : Шаг выполнен: клик по элементу Download прошел успешно.
2024-07-02 20:15:11   INFO [pageObject.UploadDownloadPage] : Имя файла sampleFile.jpeg
2024-07-02 20:15:11   INFO [pageObject.UploadDownloadPage] : Директория существует. Список файлов:
2024-07-02 20:15:11   INFO [pageObject.UploadDownloadPage] : sampleFile.jpeg
2024-07-02 20:15:11   INFO [pageObject.UploadDownloadPage] : C:\AT\SadikovaG8Pr\SadikovaG8Pr\downloadssampleFile.jpeg
2024-07-02 20:15:11   INFO [pageObject.UploadDownloadPage] : Файл успешно удален
2024-07-02 20:15:12   INFO [UploadDownloadTests] : Browser was closed
2024-07-02 20:15:12   INFO [UploadDownloadTests] : ----------test003 was ended
2024-07-02 20:15:57   INFO [UploadDownloadTests] : --------test003 was started-----------
2024-07-02 20:16:00   INFO [UploadDownloadTests] : Browser was opened
2024-07-02 20:16:06   INFO [pageObject.HomePage] : Page was opened: https://demoqa.com/
2024-07-02 20:16:11   INFO [pageObject.HomePage] : Шаг выполнен: клик по элементу  прошел успешно.
2024-07-02 20:16:12   INFO [pageObject.LeftForm] : Шаг выполнен: клик по элементу  прошел успешно.
2024-07-02 20:16:12   INFO [pageObject.UploadDownloadPage] : Шаг выполнен: клик по элементу Download прошел успешно.
2024-07-02 20:16:12   INFO [pageObject.UploadDownloadPage] : Имя файла sampleFile.jpeg
2024-07-02 20:16:12   INFO [pageObject.UploadDownloadPage] : Директория существует. Список файлов:
2024-07-02 20:16:12   INFO [pageObject.UploadDownloadPage] : sampleFile.jpeg
2024-07-02 20:16:12   INFO [pageObject.UploadDownloadPage] : C:\AT\SadikovaG8Pr\SadikovaG8Pr\downloads\sampleFile.jpeg
2024-07-02 20:16:12   INFO [pageObject.UploadDownloadPage] : Файл успешно удален
2024-07-02 20:16:12   INFO [UploadDownloadTests] : Browser was closed
2024-07-02 20:16:12   INFO [UploadDownloadTests] : ----------test003 was ended
2024-07-02 20:17:24   INFO [UploadDownloadTests] : --------test003 was started-----------
2024-07-02 20:17:27   INFO [UploadDownloadTests] : Browser was opened
2024-07-02 20:17:32   INFO [pageObject.HomePage] : Page was opened: https://demoqa.com/
2024-07-02 20:17:38   INFO [pageObject.HomePage] : Шаг выполнен: клик по элементу  прошел успешно.
2024-07-02 20:17:38   INFO [pageObject.LeftForm] : Шаг выполнен: клик по элементу  прошел успешно.
2024-07-02 20:17:38   INFO [pageObject.UploadDownloadPage] : Шаг выполнен: клик по элементу Download прошел успешно.
2024-07-02 20:17:38   INFO [pageObject.UploadDownloadPage] : Имя файла sampleFile.jpeg
2024-07-02 20:17:38   INFO [pageObject.UploadDownloadPage] : Директория существует. Список файлов:
2024-07-02 20:17:38   INFO [pageObject.UploadDownloadPage] : sampleFile.jpeg
2024-07-02 20:17:38   INFO [pageObject.UploadDownloadPage] : C:\AT\SadikovaG8Pr\SadikovaG8Pr\downloads\sampleFile.jpeg
2024-07-02 20:17:38   INFO [pageObject.UploadDownloadPage] : Файл успешно удален
2024-07-02 20:17:39   INFO [UploadDownloadTests] : Browser was closed
2024-07-02 20:17:39   INFO [UploadDownloadTests] : ----------test003 was ended
2024-07-02 20:18:19   INFO [UploadDownloadTests] : --------test003 was started-----------
2024-07-02 20:18:22   INFO [UploadDownloadTests] : Browser was opened
2024-07-02 20:18:28   INFO [pageObject.HomePage] : Page was opened: https://demoqa.com/
2024-07-02 20:18:33   INFO [pageObject.HomePage] : Шаг выполнен: клик по элементу  прошел успешно.
2024-07-02 20:18:33   INFO [pageObject.LeftForm] : Шаг выполнен: клик по элементу  прошел успешно.
2024-07-02 20:18:34   INFO [pageObject.UploadDownloadPage] : Шаг выполнен: клик по элементу Download прошел успешно.
2024-07-02 20:18:34   INFO [pageObject.UploadDownloadPage] : Имя файла sampleFile.jpeg
2024-07-02 20:18:34   INFO [pageObject.UploadDownloadPage] : Директория существует. Список файлов:
2024-07-02 20:18:34   INFO [pageObject.UploadDownloadPage] : sampleFile.jpeg
2024-07-02 20:18:34   INFO [pageObject.UploadDownloadPage] : C:\AT\SadikovaG8Pr\SadikovaG8Pr\downloads\sampleFile.jpeg
2024-07-02 20:18:34   INFO [pageObject.UploadDownloadPage] : Файл успешно удален
2024-07-02 20:18:34   INFO [UploadDownloadTests] : Browser was closed
2024-07-02 20:18:34   INFO [UploadDownloadTests] : ----------test003 was ended
2024-07-02 20:19:48   INFO [UploadDownloadTests] : --------test003 was started-----------
2024-07-02 20:19:51   INFO [UploadDownloadTests] : Browser was opened
2024-07-02 20:20:04   INFO [pageObject.HomePage] : Page was opened: https://demoqa.com/
2024-07-02 20:20:10   INFO [pageObject.HomePage] : Шаг выполнен: клик по элементу  прошел успешно.
2024-07-02 20:20:10   INFO [pageObject.LeftForm] : Шаг выполнен: клик по элементу  прошел успешно.
2024-07-02 20:20:10   INFO [pageObject.UploadDownloadPage] : Шаг выполнен: клик по элементу Download прошел успешно.
2024-07-02 20:20:10   INFO [pageObject.UploadDownloadPage] : Имя файла sampleFile.jpeg
2024-07-02 20:20:10   INFO [pageObject.UploadDownloadPage] : Директория существует. Список файлов:
2024-07-02 20:20:10   INFO [pageObject.UploadDownloadPage] : sampleFile.jpeg
2024-07-02 20:20:10   INFO [pageObject.UploadDownloadPage] : C:\AT\SadikovaG8Pr\SadikovaG8Pr\downloads\sampleFile.jpeg
2024-07-02 20:20:10   INFO [pageObject.UploadDownloadPage] : Файл успешно удален
2024-07-02 20:20:10   INFO [UploadDownloadTests] : Browser was closed
2024-07-02 20:20:10   INFO [UploadDownloadTests] : ----------test003 was ended
2024-07-02 20:21:02   INFO [UploadDownloadTests] : --------test003 was started-----------
2024-07-02 20:21:05   INFO [UploadDownloadTests] : Browser was opened
2024-07-02 20:21:19   INFO [pageObject.HomePage] : Page was opened: https://demoqa.com/
2024-07-02 20:21:24   INFO [pageObject.HomePage] : Шаг выполнен: клик по элементу  прошел успешно.
2024-07-02 20:21:25   INFO [pageObject.LeftForm] : Шаг выполнен: клик по элементу  прошел успешно.
2024-07-02 20:21:25   INFO [pageObject.UploadDownloadPage] : Шаг выполнен: клик по элементу Download прошел успешно.
2024-07-02 20:21:25   INFO [pageObject.UploadDownloadPage] : Имя файла sampleFile.jpeg
2024-07-02 20:21:25   INFO [pageObject.UploadDownloadPage] : Директория существует. Список файлов:
2024-07-02 20:21:25   INFO [pageObject.UploadDownloadPage] : sampleFile.jpeg
2024-07-02 20:21:25   INFO [pageObject.UploadDownloadPage] : C:\AT\SadikovaG8Pr\SadikovaG8Pr\downloads\sampleFile.jpeg
2024-07-02 20:21:25   INFO [pageObject.UploadDownloadPage] : Файл успешно удален
2024-07-02 20:21:25   INFO [UploadDownloadTests] : Browser was closed
2024-07-02 20:21:25   INFO [UploadDownloadTests] : ----------test003 was ended
2024-07-02 20:47:42   INFO [UploadDownloadTests] : --------test003 was started-----------
2024-07-02 20:47:45   INFO [UploadDownloadTests] : Browser was opened
2024-07-02 20:47:59   INFO [pageObject.HomePage] : Page was opened: https://demoqa.com/
2024-07-02 20:48:04   INFO [pageObject.HomePage] : Шаг выполнен: клик по элементу  прошел успешно.
2024-07-02 20:48:25   INFO [pageObject.UploadDownloadPage] : Элемент не кликабельный Error: Expected condition failed: waiting for element to be clickable: Proxy element for: DefaultElementLocator 'By.id: downloadButton' (tried for 10 second(s) with 500 milliseconds interval)
2024-07-02 20:48:28   INFO [pageObject.UploadDownloadPage] : Шаг выполнен: клик по элементу Download прошел успешно.
2024-07-02 20:48:28   INFO [pageObject.UploadDownloadPage] : Имя файла sampleFile.jpeg
2024-07-02 20:48:28   INFO [pageObject.UploadDownloadPage] : Директория существует. Список файлов:
2024-07-02 20:48:28   INFO [pageObject.UploadDownloadPage] : 3b265204-d9e7-43c3-a941-4581e6a22c77.tmp
2024-07-02 20:48:28   INFO [pageObject.UploadDownloadPage] : C:\AT\SadikovaG8Pr\SadikovaG8Pr\downloads\sampleFile.jpeg
2024-07-02 20:48:28   INFO [pageObject.UploadDownloadPage] : Файл успешно удален
2024-07-02 20:48:29   INFO [UploadDownloadTests] : Browser was closed
2024-07-02 20:48:29   INFO [UploadDownloadTests] : ----------test003 was ended
2024-07-02 20:48:55   INFO [UploadDownloadTests] : --------test003 was started-----------
2024-07-02 20:48:59   INFO [UploadDownloadTests] : Browser was opened
2024-07-02 20:49:07   INFO [pageObject.HomePage] : Page was opened: https://demoqa.com/
2024-07-02 20:49:12   INFO [pageObject.HomePage] : Шаг выполнен: клик по элементу  прошел успешно.
2024-07-02 20:49:33   INFO [pageObject.UploadDownloadPage] : Элемент не кликабельный Error: Expected condition failed: waiting for element to be clickable: Proxy element for: DefaultElementLocator 'By.id: downloadButton' (tried for 10 second(s) with 500 milliseconds interval)
2024-07-02 20:49:43  ERROR [pageObject.UploadDownloadPage] : Ошибка при клике по элементу : no such element: Unable to locate element: {"method":"css selector","selector":"#downloadButton"}
  (Session info: chrome=121.0.6167.140)
For documentation on this error, please visit: https://selenium.dev/exceptions/#no_such_element
Build info: version: '4.8.3', revision: 'e5e76298c3'
System info: os.name: 'Windows 10', os.arch: 'amd64', os.version: '10.0', java.version: '15.0.2'
Driver info: org.openqa.selenium.chrome.ChromeDriver
Command: [bbbb62430469b41640dee5b5fe34605a, findElement {using=id, value=downloadButton}]
Capabilities {acceptInsecureCerts: false, browserName: chrome, browserVersion: 121.0.6167.140, chrome: {chromedriverVersion: 121.0.6167.85 (3f98d690ad7e..., userDataDir: C:\Users\Honor\AppData\Loca...}, fedcm:accounts: true, goog:chromeOptions: {debuggerAddress: localhost:58484}, networkConnectionEnabled: false, pageLoadStrategy: normal, platformName: WINDOWS, proxy: Proxy(), se:cdp: ws://localhost:58484/devtoo..., se:cdpVersion: 121.0.6167.140, setWindowRect: true, strictFileInteractability: false, timeouts: {implicit: 0, pageLoad: 300000, script: 30000}, unhandledPromptBehavior: dismiss and notify, webauthn:extension:credBlob: true, webauthn:extension:largeBlob: true, webauthn:extension:minPinLength: true, webauthn:extension:prf: true, webauthn:virtualAuthenticators: true}
Session ID: bbbb62430469b41640dee5b5fe34605a
org.openqa.selenium.NoSuchElementException: no such element: Unable to locate element: {"method":"css selector","selector":"#downloadButton"}
  (Session info: chrome=121.0.6167.140)
For documentation on this error, please visit: https://selenium.dev/exceptions/#no_such_element
Build info: version: '4.8.3', revision: 'e5e76298c3'
System info: os.name: 'Windows 10', os.arch: 'amd64', os.version: '10.0', java.version: '15.0.2'
Driver info: org.openqa.selenium.chrome.ChromeDriver
Command: [bbbb62430469b41640dee5b5fe34605a, findElement {using=id, value=downloadButton}]
Capabilities {acceptInsecureCerts: false, browserName: chrome, browserVersion: 121.0.6167.140, chrome: {chromedriverVersion: 121.0.6167.85 (3f98d690ad7e..., userDataDir: C:\Users\Honor\AppData\Loca...}, fedcm:accounts: true, goog:chromeOptions: {debuggerAddress: localhost:58484}, networkConnectionEnabled: false, pageLoadStrategy: normal, platformName: WINDOWS, proxy: Proxy(), se:cdp: ws://localhost:58484/devtoo..., se:cdpVersion: 121.0.6167.140, setWindowRect: true, strictFileInteractability: false, timeouts: {implicit: 0, pageLoad: 300000, script: 30000}, unhandledPromptBehavior: dismiss and notify, webauthn:extension:credBlob: true, webauthn:extension:largeBlob: true, webauthn:extension:minPinLength: true, webauthn:extension:prf: true, webauthn:virtualAuthenticators: true}
Session ID: bbbb62430469b41640dee5b5fe34605a
	at java.base/jdk.internal.reflect.NativeConstructorAccessorImpl.newInstance0(Native Method)
	at java.base/jdk.internal.reflect.NativeConstructorAccessorImpl.newInstance(NativeConstructorAccessorImpl.java:64)
	at java.base/jdk.internal.reflect.DelegatingConstructorAccessorImpl.newInstance(DelegatingConstructorAccessorImpl.java:45)
	at java.base/java.lang.reflect.Constructor.newInstanceWithCaller(Constructor.java:500)
	at java.base/java.lang.reflect.Constructor.newInstance(Constructor.java:481)
	at org.openqa.selenium.remote.codec.w3c.W3CHttpResponseCodec.createException(W3CHttpResponseCodec.java:200)
	at org.openqa.selenium.remote.codec.w3c.W3CHttpResponseCodec.decode(W3CHttpResponseCodec.java:133)
	at org.openqa.selenium.remote.codec.w3c.W3CHttpResponseCodec.decode(W3CHttpResponseCodec.java:53)
	at org.openqa.selenium.remote.HttpCommandExecutor.execute(HttpCommandExecutor.java:193)
	at org.openqa.selenium.remote.service.DriverCommandExecutor.invokeExecute(DriverCommandExecutor.java:183)
	at org.openqa.selenium.remote.service.DriverCommandExecutor.execute(DriverCommandExecutor.java:158)
	at org.openqa.selenium.remote.RemoteWebDriver.execute(RemoteWebDriver.java:543)
	at org.openqa.selenium.remote.ElementLocation$ElementFinder$2.findElement(ElementLocation.java:162)
	at org.openqa.selenium.remote.ElementLocation.findElement(ElementLocation.java:60)
	at org.openqa.selenium.remote.RemoteWebDriver.findElement(RemoteWebDriver.java:352)
	at org.openqa.selenium.remote.RemoteWebDriver.findElement(RemoteWebDriver.java:344)
	at org.openqa.selenium.support.pagefactory.DefaultElementLocator.findElement(DefaultElementLocator.java:70)
	at org.openqa.selenium.support.pagefactory.internal.LocatingElementHandler.invoke(LocatingElementHandler.java:39)
	at com.sun.proxy.$Proxy19.click(Unknown Source)
	at core.Actions.waitAndClick(Actions.java:117)
	at pageObject.UploadDownloadPage.clickDownloadButton(UploadDownloadPage.java:31)
	at UploadDownloadTests.test003(UploadDownloadTests.java:14)
	at java.base/jdk.internal.reflect.NativeMethodAccessorImpl.invoke0(Native Method)
	at java.base/jdk.internal.reflect.NativeMethodAccessorImpl.invoke(NativeMethodAccessorImpl.java:64)
	at java.base/jdk.internal.reflect.DelegatingMethodAccessorImpl.invoke(DelegatingMethodAccessorImpl.java:43)
	at java.base/java.lang.reflect.Method.invoke(Method.java:564)
	at org.junit.runners.model.FrameworkMethod$1.runReflectiveCall(FrameworkMethod.java:50)
	at org.junit.internal.runners.model.ReflectiveCallable.run(ReflectiveCallable.java:12)
	at org.junit.runners.model.FrameworkMethod.invokeExplosively(FrameworkMethod.java:47)
	at org.junit.internal.runners.statements.InvokeMethod.evaluate(InvokeMethod.java:17)
	at org.junit.internal.runners.statements.RunBefores.evaluate(RunBefores.java:26)
	at org.junit.internal.runners.statements.RunAfters.evaluate(RunAfters.java:27)
	at org.junit.rules.TestWatcher$1.evaluate(TestWatcher.java:55)
	at org.junit.rules.RunRules.evaluate(RunRules.java:20)
	at org.junit.runners.ParentRunner.runLeaf(ParentRunner.java:325)
	at org.junit.runners.BlockJUnit4ClassRunner.runChild(BlockJUnit4ClassRunner.java:78)
	at org.junit.runners.BlockJUnit4ClassRunner.runChild(BlockJUnit4ClassRunner.java:57)
	at org.junit.runners.ParentRunner$3.run(ParentRunner.java:290)
	at org.junit.runners.ParentRunner$1.schedule(ParentRunner.java:71)
	at org.junit.runners.ParentRunner.runChildren(ParentRunner.java:288)
	at org.junit.runners.ParentRunner.access$000(ParentRunner.java:58)
	at org.junit.runners.ParentRunner$2.evaluate(ParentRunner.java:268)
	at org.junit.runners.ParentRunner.run(ParentRunner.java:363)
	at org.junit.runner.JUnitCore.run(JUnitCore.java:137)
	at com.intellij.junit4.JUnit4IdeaTestRunner.startRunnerWithArgs(JUnit4IdeaTestRunner.java:69)
	at com.intellij.rt.junit.IdeaTestRunner$Repeater$1.execute(IdeaTestRunner.java:38)
	at com.intellij.rt.execution.junit.TestsRepeater.repeat(TestsRepeater.java:11)
	at com.intellij.rt.junit.IdeaTestRunner$Repeater.startRunnerWithArgs(IdeaTestRunner.java:35)
	at com.intellij.rt.junit.JUnitStarter.prepareStreamsAndStart(JUnitStarter.java:232)
	at com.intellij.rt.junit.JUnitStarter.main(JUnitStarter.java:55)
2024-07-02 20:49:48   INFO [pageObject.UploadDownloadPage] : C:\AT\SadikovaG8Pr\SadikovaG8Pr\downloads\null
2024-07-02 20:49:48   INFO [pageObject.UploadDownloadPage] : Файл успешно удален
2024-07-02 20:49:49   INFO [UploadDownloadTests] : Browser was closed
2024-07-02 20:49:49   INFO [UploadDownloadTests] : ----------test003 was ended
2024-07-02 20:54:33   INFO [UploadDownloadTests] : --------test003 was started-----------
2024-07-02 20:54:38   INFO [UploadDownloadTests] : Browser was opened
2024-07-02 20:54:52   INFO [pageObject.HomePage] : Page was opened: https://demoqa.com/
2024-07-02 20:54:57   INFO [pageObject.HomePage] : Шаг выполнен: клик по элементу  прошел успешно.
2024-07-02 20:54:57   INFO [pageObject.LeftForm] : Шаг выполнен: клик по элементу  прошел успешно.
2024-07-02 20:54:58   INFO [pageObject.UploadDownloadPage] : Шаг выполнен: клик по элементу Download прошел успешно.
2024-07-02 20:54:58   INFO [pageObject.UploadDownloadPage] : Имя файла sampleFile.jpeg
2024-07-02 20:54:58   INFO [pageObject.UploadDownloadPage] : Директория существует. Список файлов:
2024-07-02 20:54:58   INFO [pageObject.UploadDownloadPage] : C:\AT\SadikovaG8Pr\SadikovaG8Pr\downloads\sampleFile.jpeg
2024-07-02 20:54:58   INFO [pageObject.UploadDownloadPage] : Файл успешно удален
2024-07-02 20:54:58   INFO [UploadDownloadTests] : Browser was closed
2024-07-02 20:54:58   INFO [UploadDownloadTests] : ----------test003 was ended
2024-07-02 20:55:11   INFO [UploadDownloadTests] : --------test003 was started-----------
2024-07-02 20:55:15   INFO [UploadDownloadTests] : Browser was opened
2024-07-02 20:55:30   INFO [pageObject.HomePage] : Page was opened: https://demoqa.com/
2024-07-02 20:55:35   INFO [pageObject.HomePage] : Шаг выполнен: клик по элементу  прошел успешно.
2024-07-02 20:55:35   INFO [pageObject.LeftForm] : Шаг выполнен: клик по элементу  прошел успешно.
2024-07-02 20:55:36   INFO [pageObject.UploadDownloadPage] : Шаг выполнен: клик по элементу Download прошел успешно.
2024-07-02 20:55:36   INFO [pageObject.UploadDownloadPage] : Имя файла sampleFile.jpeg
2024-07-02 20:55:36   INFO [pageObject.UploadDownloadPage] : Директория существует. Список файлов:
2024-07-02 20:55:36   INFO [pageObject.UploadDownloadPage] : sampleFile.jpeg
2024-07-02 20:55:36   INFO [pageObject.UploadDownloadPage] : C:\AT\SadikovaG8Pr\SadikovaG8Pr\downloads\sampleFile.jpeg
2024-07-02 20:55:36   INFO [pageObject.UploadDownloadPage] : Файл успешно удален
2024-07-02 20:55:36   INFO [UploadDownloadTests] : Browser was closed
2024-07-02 20:55:36   INFO [UploadDownloadTests] : ----------test003 was ended
2024-07-02 20:56:31   INFO [UploadDownloadTests] : --------test003 was started-----------
2024-07-02 20:56:36   INFO [UploadDownloadTests] : Browser was opened
2024-07-02 20:56:51   INFO [pageObject.HomePage] : Page was opened: https://demoqa.com/
2024-07-02 20:56:56   INFO [pageObject.HomePage] : Шаг выполнен: клик по элементу  прошел успешно.
2024-07-02 20:56:56   INFO [pageObject.LeftForm] : Шаг выполнен: клик по элементу  прошел успешно.
2024-07-02 20:56:57   INFO [pageObject.UploadDownloadPage] : Шаг выполнен: клик по элементу Download прошел успешно.
2024-07-02 20:56:57   INFO [pageObject.UploadDownloadPage] : Имя файла sampleFile.jpeg
2024-07-02 20:56:57   INFO [pageObject.UploadDownloadPage] : Директория существует. Список файлов:
2024-07-02 20:56:57   INFO [pageObject.UploadDownloadPage] : sampleFile.jpeg
2024-07-02 20:56:57   INFO [pageObject.UploadDownloadPage] : C:\AT\SadikovaG8Pr\SadikovaG8Pr\downloads\sampleFile.jpeg
2024-07-02 20:56:57   INFO [pageObject.UploadDownloadPage] : Файл успешно удален
2024-07-02 20:56:57   INFO [UploadDownloadTests] : Browser was closed
2024-07-02 20:56:57   INFO [UploadDownloadTests] : ----------test003 was ended
2024-07-02 21:13:15   INFO [LoginTests] : --------test004 was started-----------
2024-07-02 21:13:21   INFO [LoginTests] : Browser was opened
2024-07-02 21:13:34   INFO [pageObject.HomePage] : Page was opened: https://demoqa.com/
2024-07-02 21:13:40   INFO [pageObject.HomePage] : Шаг выполнен: клик по элементу  прошел успешно.
2024-07-02 21:13:41  ERROR [pageObject.LeftForm] : Ошибка при клике по элементу : element click intercepted: Element <li class="btn btn-light " id="item-0">...</li> is not clickable at point (200, 671). Other element would receive the click: <div id="fixedban" style="width:100%;margin:auto;text-align:center;float:none;overflow:hidden;display:scroll;position:fixed;bottom:0;z-index:9999999">...</div>
  (Session info: chrome=121.0.6167.140)
Build info: version: '4.8.3', revision: 'e5e76298c3'
System info: os.name: 'Windows 10', os.arch: 'amd64', os.version: '10.0', java.version: '15.0.2'
Driver info: org.openqa.selenium.chrome.ChromeDriver
Command: [7db8987cd41a08bbd26fbecd26d75796, clickElement {id=0ECD2AC86BA91EF156C9F65FA180D154_element_35}]
Capabilities {acceptInsecureCerts: false, browserName: chrome, browserVersion: 121.0.6167.140, chrome: {chromedriverVersion: 121.0.6167.85 (3f98d690ad7e..., userDataDir: C:\Users\Honor\AppData\Loca...}, fedcm:accounts: true, goog:chromeOptions: {debuggerAddress: localhost:64519}, networkConnectionEnabled: false, pageLoadStrategy: normal, platformName: WINDOWS, proxy: Proxy(), se:cdp: ws://localhost:64519/devtoo..., se:cdpVersion: 121.0.6167.140, setWindowRect: true, strictFileInteractability: false, timeouts: {implicit: 0, pageLoad: 300000, script: 30000}, unhandledPromptBehavior: dismiss and notify, webauthn:extension:credBlob: true, webauthn:extension:largeBlob: true, webauthn:extension:minPinLength: true, webauthn:extension:prf: true, webauthn:virtualAuthenticators: true}
Element: [[ChromeDriver: chrome on WINDOWS (7db8987cd41a08bbd26fbecd26d75796)] -> xpath: //span[text()='Login']/ancestor::li]
Session ID: 7db8987cd41a08bbd26fbecd26d75796
org.openqa.selenium.ElementClickInterceptedException: element click intercepted: Element <li class="btn btn-light " id="item-0">...</li> is not clickable at point (200, 671). Other element would receive the click: <div id="fixedban" style="width:100%;margin:auto;text-align:center;float:none;overflow:hidden;display:scroll;position:fixed;bottom:0;z-index:9999999">...</div>
  (Session info: chrome=121.0.6167.140)
Build info: version: '4.8.3', revision: 'e5e76298c3'
System info: os.name: 'Windows 10', os.arch: 'amd64', os.version: '10.0', java.version: '15.0.2'
Driver info: org.openqa.selenium.chrome.ChromeDriver
Command: [7db8987cd41a08bbd26fbecd26d75796, clickElement {id=0ECD2AC86BA91EF156C9F65FA180D154_element_35}]
Capabilities {acceptInsecureCerts: false, browserName: chrome, browserVersion: 121.0.6167.140, chrome: {chromedriverVersion: 121.0.6167.85 (3f98d690ad7e..., userDataDir: C:\Users\Honor\AppData\Loca...}, fedcm:accounts: true, goog:chromeOptions: {debuggerAddress: localhost:64519}, networkConnectionEnabled: false, pageLoadStrategy: normal, platformName: WINDOWS, proxy: Proxy(), se:cdp: ws://localhost:64519/devtoo..., se:cdpVersion: 121.0.6167.140, setWindowRect: true, strictFileInteractability: false, timeouts: {implicit: 0, pageLoad: 300000, script: 30000}, unhandledPromptBehavior: dismiss and notify, webauthn:extension:credBlob: true, webauthn:extension:largeBlob: true, webauthn:extension:minPinLength: true, webauthn:extension:prf: true, webauthn:virtualAuthenticators: true}
Element: [[ChromeDriver: chrome on WINDOWS (7db8987cd41a08bbd26fbecd26d75796)] -> xpath: //span[text()='Login']/ancestor::li]
Session ID: 7db8987cd41a08bbd26fbecd26d75796
	at java.base/jdk.internal.reflect.NativeConstructorAccessorImpl.newInstance0(Native Method)
	at java.base/jdk.internal.reflect.NativeConstructorAccessorImpl.newInstance(NativeConstructorAccessorImpl.java:64)
	at java.base/jdk.internal.reflect.DelegatingConstructorAccessorImpl.newInstance(DelegatingConstructorAccessorImpl.java:45)
	at java.base/java.lang.reflect.Constructor.newInstanceWithCaller(Constructor.java:500)
	at java.base/java.lang.reflect.Constructor.newInstance(Constructor.java:481)
	at org.openqa.selenium.remote.codec.w3c.W3CHttpResponseCodec.createException(W3CHttpResponseCodec.java:200)
	at org.openqa.selenium.remote.codec.w3c.W3CHttpResponseCodec.decode(W3CHttpResponseCodec.java:133)
	at org.openqa.selenium.remote.codec.w3c.W3CHttpResponseCodec.decode(W3CHttpResponseCodec.java:53)
	at org.openqa.selenium.remote.HttpCommandExecutor.execute(HttpCommandExecutor.java:193)
	at org.openqa.selenium.remote.service.DriverCommandExecutor.invokeExecute(DriverCommandExecutor.java:183)
	at org.openqa.selenium.remote.service.DriverCommandExecutor.execute(DriverCommandExecutor.java:158)
	at org.openqa.selenium.remote.RemoteWebDriver.execute(RemoteWebDriver.java:543)
	at org.openqa.selenium.remote.RemoteWebElement.execute(RemoteWebElement.java:257)
	at org.openqa.selenium.remote.RemoteWebElement.click(RemoteWebElement.java:78)
	at java.base/jdk.internal.reflect.NativeMethodAccessorImpl.invoke0(Native Method)
	at java.base/jdk.internal.reflect.NativeMethodAccessorImpl.invoke(NativeMethodAccessorImpl.java:64)
	at java.base/jdk.internal.reflect.DelegatingMethodAccessorImpl.invoke(DelegatingMethodAccessorImpl.java:43)
	at java.base/java.lang.reflect.Method.invoke(Method.java:564)
	at org.openqa.selenium.support.pagefactory.internal.LocatingElementHandler.invoke(LocatingElementHandler.java:52)
	at com.sun.proxy.$Proxy19.click(Unknown Source)
	at core.Actions.waitAndClick(Actions.java:117)
	at pageObject.LeftForm.clickLoginButton(LeftForm.java:35)
	at LoginTests.test004(LoginTests.java:12)
	at java.base/jdk.internal.reflect.NativeMethodAccessorImpl.invoke0(Native Method)
	at java.base/jdk.internal.reflect.NativeMethodAccessorImpl.invoke(NativeMethodAccessorImpl.java:64)
	at java.base/jdk.internal.reflect.DelegatingMethodAccessorImpl.invoke(DelegatingMethodAccessorImpl.java:43)
	at java.base/java.lang.reflect.Method.invoke(Method.java:564)
	at org.junit.runners.model.FrameworkMethod$1.runReflectiveCall(FrameworkMethod.java:50)
	at org.junit.internal.runners.model.ReflectiveCallable.run(ReflectiveCallable.java:12)
	at org.junit.runners.model.FrameworkMethod.invokeExplosively(FrameworkMethod.java:47)
	at org.junit.internal.runners.statements.InvokeMethod.evaluate(InvokeMethod.java:17)
	at org.junit.internal.runners.statements.RunBefores.evaluate(RunBefores.java:26)
	at org.junit.internal.runners.statements.RunAfters.evaluate(RunAfters.java:27)
	at org.junit.rules.TestWatcher$1.evaluate(TestWatcher.java:55)
	at org.junit.rules.RunRules.evaluate(RunRules.java:20)
	at org.junit.runners.ParentRunner.runLeaf(ParentRunner.java:325)
	at org.junit.runners.BlockJUnit4ClassRunner.runChild(BlockJUnit4ClassRunner.java:78)
	at org.junit.runners.BlockJUnit4ClassRunner.runChild(BlockJUnit4ClassRunner.java:57)
	at org.junit.runners.ParentRunner$3.run(ParentRunner.java:290)
	at org.junit.runners.ParentRunner$1.schedule(ParentRunner.java:71)
	at org.junit.runners.ParentRunner.runChildren(ParentRunner.java:288)
	at org.junit.runners.ParentRunner.access$000(ParentRunner.java:58)
	at org.junit.runners.ParentRunner$2.evaluate(ParentRunner.java:268)
	at org.junit.runners.ParentRunner.run(ParentRunner.java:363)
	at org.junit.runner.JUnitCore.run(JUnitCore.java:137)
	at com.intellij.junit4.JUnit4IdeaTestRunner.startRunnerWithArgs(JUnit4IdeaTestRunner.java:69)
	at com.intellij.rt.junit.IdeaTestRunner$Repeater$1.execute(IdeaTestRunner.java:38)
	at com.intellij.rt.execution.junit.TestsRepeater.repeat(TestsRepeater.java:11)
	at com.intellij.rt.junit.IdeaTestRunner$Repeater.startRunnerWithArgs(IdeaTestRunner.java:35)
	at com.intellij.rt.junit.JUnitStarter.prepareStreamsAndStart(JUnitStarter.java:232)
	at com.intellij.rt.junit.JUnitStarter.main(JUnitStarter.java:55)
2024-07-02 21:13:42   INFO [LoginTests] : Browser was closed
2024-07-02 21:13:42   INFO [LoginTests] : ----------test004 was ended
2024-07-02 21:14:29   INFO [LoginTests] : --------test004 was started-----------
2024-07-02 21:14:34   INFO [LoginTests] : Browser was opened
2024-07-02 21:14:44   INFO [pageObject.HomePage] : Page was opened: https://demoqa.com/
2024-07-02 21:14:49   INFO [pageObject.HomePage] : Шаг выполнен: клик по элементу  прошел успешно.
2024-07-02 21:14:50   INFO [pageObject.LeftForm] : Шаг выполнен: клик по элементу  прошел успешно.
2024-07-02 21:14:50   INFO [LoginTests] : Browser was closed
2024-07-02 21:14:50   INFO [LoginTests] : ----------test004 was ended
2024-07-02 21:28:48   INFO [LoginTests] : --------test004 was started-----------
2024-07-02 21:28:52   INFO [LoginTests] : Browser was opened
2024-07-02 21:28:58   INFO [pageObject.HomePage] : Page was opened: https://demoqa.com/
2024-07-02 21:29:04   INFO [pageObject.HomePage] : Шаг выполнен: клик по элементу  прошел успешно.
2024-07-02 21:29:04   INFO [pageObject.LeftForm] : Шаг выполнен: клик по элементу  прошел успешно.
2024-07-02 21:29:04   INFO [pageObject.LoginPage] : Url is correct
2024-07-02 21:29:04   INFO [pageObject.LoginPage] : Tommy was inputted into inputUserName
2024-07-02 21:29:05   INFO [pageObject.LoginPage] : P@ssw0rdabc was inputted into inputPassword
2024-07-02 21:29:06   INFO [pageObject.LoginPage] : Шаг выполнен: клик по элементу Login прошел успешно.
2024-07-02 21:29:07   INFO [LoginTests] : Browser was closed
2024-07-02 21:29:07   INFO [LoginTests] : ----------test004 was ended
2024-07-02 21:29:54   INFO [LoginTests] : --------test004 was started-----------
2024-07-02 21:29:57   INFO [LoginTests] : Browser was opened
2024-07-02 21:30:12   INFO [pageObject.HomePage] : Page was opened: https://demoqa.com/
2024-07-02 21:30:17   INFO [pageObject.HomePage] : Шаг выполнен: клик по элементу  прошел успешно.
2024-07-02 21:30:17   INFO [pageObject.LeftForm] : Шаг выполнен: клик по элементу  прошел успешно.
2024-07-02 21:30:17   INFO [pageObject.LoginPage] : Url is correct
2024-07-02 21:30:18   INFO [pageObject.LoginPage] : testqa1207 was inputted into inputUserName
2024-07-02 21:30:18   INFO [pageObject.LoginPage] : P@ssw0rdabc was inputted into inputPassword
2024-07-02 21:30:24   INFO [pageObject.LoginPage] : Шаг выполнен: клик по элементу  прошел успешно.
2024-07-02 21:30:24   INFO [LoginTests] : Browser was closed
2024-07-02 21:30:24   INFO [LoginTests] : ----------test004 was ended
2024-07-02 21:46:02   INFO [LoginTests] : --------test004 was started-----------
2024-07-02 21:46:06   INFO [LoginTests] : Browser was opened
2024-07-02 21:46:18   INFO [pageObject.HomePage] : Page was opened: https://demoqa.com/
2024-07-02 21:46:24   INFO [pageObject.HomePage] : Шаг выполнен: клик по элементу  прошел успешно.
2024-07-02 21:46:24   INFO [pageObject.LeftForm] : Шаг выполнен: клик по элементу  прошел успешно.
2024-07-02 21:46:24   INFO [pageObject.LoginPage] : Url is correct
2024-07-02 21:46:24   INFO [pageObject.LoginPage] : testqa1207 was inputted into inputUserName
2024-07-02 21:46:25   INFO [pageObject.LoginPage] : P@ssw0rdabc was inputted into inputPassword
2024-07-02 21:46:30   INFO [pageObject.LoginPage] : Шаг выполнен: клик по элементу  прошел успешно.
2024-07-02 21:46:30   INFO [pageObject.ProfilePage] : Url is correct
2024-07-02 21:46:30   INFO [pageObject.ProfilePage] : Element is displayed [[ChromeDriver: chrome on WINDOWS (ed72436d3c4dc06cd6d02571eba091bc)] -> xpath: //button[text()='Log out']]
2024-07-02 21:46:31   INFO [LoginTests] : Browser was closed
2024-07-02 21:46:31   INFO [LoginTests] : ----------test004 was ended
2024-07-02 21:53:26   INFO [AutomationPracticeFormTests] : --------test002 was started-----------
2024-07-02 21:53:30   INFO [AutomationPracticeFormTests] : Browser was opened
2024-07-02 21:53:42   INFO [pageObject.HomePage] : Page was opened: https://demoqa.com/
2024-07-02 21:53:48   INFO [pageObject.HomePage] : Шаг выполнен: клик по элементу  прошел успешно.
2024-07-02 21:53:48   INFO [pageObject.LeftForm] : Шаг выполнен: клик по элементу  прошел успешно.
2024-07-02 21:53:48   INFO [pageObject.AutomationPracticeFormPage] : Url is correct
2024-07-02 21:53:49  ERROR [pageObject.AutomationPracticeFormPage] : Ошибка при клике по элементу Submit: element click intercepted: Element <button id="submit" type="submit" class="btn btn-primary">...</button> is not clickable at point (1078, 685). Other element would receive the click: <iframe frameborder="0" src="https://2fab3d09d91675e8521b94d2510a2f27.safeframe.googlesyndication.com/safeframe/1-0-40/html/container.html" id="google_ads_iframe_/21849154601,22343295815/Ad.Plus-Anchor_0" title="3rd party ad content" name="" scrolling="no" marginwidth="0" marginheight="0" width="728" height="90" data-is-safeframe="true" sandbox="allow-forms allow-popups allow-popups-to-escape-sandbox allow-same-origin allow-scripts allow-top-navigation-by-user-activation" aria-label="Advertisement" tabindex="0" data-google-container-id="1" style="border: 0px; vertical-align: bottom;" data-load-complete="true"></iframe>
  (Session info: chrome=121.0.6167.140)
Build info: version: '4.8.3', revision: 'e5e76298c3'
System info: os.name: 'Windows 10', os.arch: 'amd64', os.version: '10.0', java.version: '15.0.2'
Driver info: org.openqa.selenium.chrome.ChromeDriver
Command: [069823e2a47cb0ecd64b863859c4ad57, clickElement {id=265D6B17A32A2F22AC3196E118AAEE3A_element_59}]
Capabilities {acceptInsecureCerts: false, browserName: chrome, browserVersion: 121.0.6167.140, chrome: {chromedriverVersion: 121.0.6167.85 (3f98d690ad7e..., userDataDir: C:\Users\Honor\AppData\Loca...}, fedcm:accounts: true, goog:chromeOptions: {debuggerAddress: localhost:49331}, networkConnectionEnabled: false, pageLoadStrategy: normal, platformName: WINDOWS, proxy: Proxy(), se:cdp: ws://localhost:49331/devtoo..., se:cdpVersion: 121.0.6167.140, setWindowRect: true, strictFileInteractability: false, timeouts: {implicit: 0, pageLoad: 300000, script: 30000}, unhandledPromptBehavior: dismiss and notify, webauthn:extension:credBlob: true, webauthn:extension:largeBlob: true, webauthn:extension:minPinLength: true, webauthn:extension:prf: true, webauthn:virtualAuthenticators: true}
Element: [[ChromeDriver: chrome on WINDOWS (069823e2a47cb0ecd64b863859c4ad57)] -> id: submit]
Session ID: 069823e2a47cb0ecd64b863859c4ad57
org.openqa.selenium.ElementClickInterceptedException: element click intercepted: Element <button id="submit" type="submit" class="btn btn-primary">...</button> is not clickable at point (1078, 685). Other element would receive the click: <iframe frameborder="0" src="https://2fab3d09d91675e8521b94d2510a2f27.safeframe.googlesyndication.com/safeframe/1-0-40/html/container.html" id="google_ads_iframe_/21849154601,22343295815/Ad.Plus-Anchor_0" title="3rd party ad content" name="" scrolling="no" marginwidth="0" marginheight="0" width="728" height="90" data-is-safeframe="true" sandbox="allow-forms allow-popups allow-popups-to-escape-sandbox allow-same-origin allow-scripts allow-top-navigation-by-user-activation" aria-label="Advertisement" tabindex="0" data-google-container-id="1" style="border: 0px; vertical-align: bottom;" data-load-complete="true"></iframe>
  (Session info: chrome=121.0.6167.140)
Build info: version: '4.8.3', revision: 'e5e76298c3'
System info: os.name: 'Windows 10', os.arch: 'amd64', os.version: '10.0', java.version: '15.0.2'
Driver info: org.openqa.selenium.chrome.ChromeDriver
Command: [069823e2a47cb0ecd64b863859c4ad57, clickElement {id=265D6B17A32A2F22AC3196E118AAEE3A_element_59}]
Capabilities {acceptInsecureCerts: false, browserName: chrome, browserVersion: 121.0.6167.140, chrome: {chromedriverVersion: 121.0.6167.85 (3f98d690ad7e..., userDataDir: C:\Users\Honor\AppData\Loca...}, fedcm:accounts: true, goog:chromeOptions: {debuggerAddress: localhost:49331}, networkConnectionEnabled: false, pageLoadStrategy: normal, platformName: WINDOWS, proxy: Proxy(), se:cdp: ws://localhost:49331/devtoo..., se:cdpVersion: 121.0.6167.140, setWindowRect: true, strictFileInteractability: false, timeouts: {implicit: 0, pageLoad: 300000, script: 30000}, unhandledPromptBehavior: dismiss and notify, webauthn:extension:credBlob: true, webauthn:extension:largeBlob: true, webauthn:extension:minPinLength: true, webauthn:extension:prf: true, webauthn:virtualAuthenticators: true}
Element: [[ChromeDriver: chrome on WINDOWS (069823e2a47cb0ecd64b863859c4ad57)] -> id: submit]
Session ID: 069823e2a47cb0ecd64b863859c4ad57
	at java.base/jdk.internal.reflect.NativeConstructorAccessorImpl.newInstance0(Native Method)
	at java.base/jdk.internal.reflect.NativeConstructorAccessorImpl.newInstance(NativeConstructorAccessorImpl.java:64)
	at java.base/jdk.internal.reflect.DelegatingConstructorAccessorImpl.newInstance(DelegatingConstructorAccessorImpl.java:45)
	at java.base/java.lang.reflect.Constructor.newInstanceWithCaller(Constructor.java:500)
	at java.base/java.lang.reflect.Constructor.newInstance(Constructor.java:481)
	at org.openqa.selenium.remote.codec.w3c.W3CHttpResponseCodec.createException(W3CHttpResponseCodec.java:200)
	at org.openqa.selenium.remote.codec.w3c.W3CHttpResponseCodec.decode(W3CHttpResponseCodec.java:133)
	at org.openqa.selenium.remote.codec.w3c.W3CHttpResponseCodec.decode(W3CHttpResponseCodec.java:53)
	at org.openqa.selenium.remote.HttpCommandExecutor.execute(HttpCommandExecutor.java:193)
	at org.openqa.selenium.remote.service.DriverCommandExecutor.invokeExecute(DriverCommandExecutor.java:183)
	at org.openqa.selenium.remote.service.DriverCommandExecutor.execute(DriverCommandExecutor.java:158)
	at org.openqa.selenium.remote.RemoteWebDriver.execute(RemoteWebDriver.java:543)
	at org.openqa.selenium.remote.RemoteWebElement.execute(RemoteWebElement.java:257)
	at org.openqa.selenium.remote.RemoteWebElement.click(RemoteWebElement.java:78)
	at java.base/jdk.internal.reflect.NativeMethodAccessorImpl.invoke0(Native Method)
	at java.base/jdk.internal.reflect.NativeMethodAccessorImpl.invoke(NativeMethodAccessorImpl.java:64)
	at java.base/jdk.internal.reflect.DelegatingMethodAccessorImpl.invoke(DelegatingMethodAccessorImpl.java:43)
	at java.base/java.lang.reflect.Method.invoke(Method.java:564)
	at org.openqa.selenium.support.pagefactory.internal.LocatingElementHandler.invoke(LocatingElementHandler.java:52)
	at com.sun.proxy.$Proxy19.click(Unknown Source)
	at core.Actions.waitAndClick(Actions.java:117)
	at pageObject.AutomationPracticeFormPage.clickSubmitButton(AutomationPracticeFormPage.java:75)
	at AutomationPracticeFormTests.test002(AutomationPracticeFormTests.java:52)
	at java.base/jdk.internal.reflect.NativeMethodAccessorImpl.invoke0(Native Method)
	at java.base/jdk.internal.reflect.NativeMethodAccessorImpl.invoke(NativeMethodAccessorImpl.java:64)
	at java.base/jdk.internal.reflect.DelegatingMethodAccessorImpl.invoke(DelegatingMethodAccessorImpl.java:43)
	at java.base/java.lang.reflect.Method.invoke(Method.java:564)
	at org.junit.runners.model.FrameworkMethod$1.runReflectiveCall(FrameworkMethod.java:50)
	at org.junit.internal.runners.model.ReflectiveCallable.run(ReflectiveCallable.java:12)
	at org.junit.runners.model.FrameworkMethod.invokeExplosively(FrameworkMethod.java:47)
	at org.junit.internal.runners.statements.InvokeMethod.evaluate(InvokeMethod.java:17)
	at org.junit.internal.runners.statements.RunBefores.evaluate(RunBefores.java:26)
	at org.junit.internal.runners.statements.RunAfters.evaluate(RunAfters.java:27)
	at org.junit.rules.TestWatcher$1.evaluate(TestWatcher.java:55)
	at org.junit.rules.RunRules.evaluate(RunRules.java:20)
	at org.junit.runners.ParentRunner.runLeaf(ParentRunner.java:325)
	at org.junit.runners.BlockJUnit4ClassRunner.runChild(BlockJUnit4ClassRunner.java:78)
	at org.junit.runners.BlockJUnit4ClassRunner.runChild(BlockJUnit4ClassRunner.java:57)
	at org.junit.runners.ParentRunner$3.run(ParentRunner.java:290)
	at org.junit.runners.ParentRunner$1.schedule(ParentRunner.java:71)
	at org.junit.runners.ParentRunner.runChildren(ParentRunner.java:288)
	at org.junit.runners.ParentRunner.access$000(ParentRunner.java:58)
	at org.junit.runners.ParentRunner$2.evaluate(ParentRunner.java:268)
	at org.junit.runners.ParentRunner.run(ParentRunner.java:363)
	at org.junit.runner.JUnitCore.run(JUnitCore.java:137)
	at com.intellij.junit4.JUnit4IdeaTestRunner.startRunnerWithArgs(JUnit4IdeaTestRunner.java:69)
	at com.intellij.rt.junit.IdeaTestRunner$Repeater$1.execute(IdeaTestRunner.java:38)
	at com.intellij.rt.execution.junit.TestsRepeater.repeat(TestsRepeater.java:11)
	at com.intellij.rt.junit.IdeaTestRunner$Repeater.startRunnerWithArgs(IdeaTestRunner.java:35)
	at com.intellij.rt.junit.JUnitStarter.prepareStreamsAndStart(JUnitStarter.java:232)
	at com.intellij.rt.junit.JUnitStarter.main(JUnitStarter.java:55)
2024-07-02 21:54:16   INFO [AutomationPracticeFormTests] : --------test002 was started-----------
2024-07-02 21:54:21   INFO [AutomationPracticeFormTests] : Browser was opened
2024-07-02 21:54:31   INFO [pageObject.HomePage] : Page was opened: https://demoqa.com/
2024-07-02 21:54:36   INFO [pageObject.HomePage] : Шаг выполнен: клик по элементу  прошел успешно.
2024-07-02 21:54:36   INFO [pageObject.LeftForm] : Шаг выполнен: клик по элементу  прошел успешно.
2024-07-02 21:54:36   INFO [pageObject.AutomationPracticeFormPage] : Url is correct
2024-07-02 21:54:37   INFO [pageObject.AutomationPracticeFormPage] : Шаг выполнен: клик по элементу Submit прошел успешно.
2024-07-02 21:54:37   INFO [pageObject.AutomationPracticeFormPage] : Element is displayed [[ChromeDriver: chrome on WINDOWS (7f4d827bd17abcc9d75a770ef2b9f0b4)] -> xpath: //form[@class='was-validated']]
2024-07-02 21:54:39   INFO [pageObject.AutomationPracticeFormPage] : Actual color hex: #dc3545
2024-07-02 21:54:39   INFO [pageObject.AutomationPracticeFormPage] : Expected Value #dc3545 equals #dc3545
2024-07-02 21:54:39   INFO [pageObject.AutomationPracticeFormPage] : Actual color hex: #dc3545
2024-07-02 21:54:39   INFO [pageObject.AutomationPracticeFormPage] : Expected Value #dc3545 equals #dc3545
2024-07-02 21:54:39   INFO [pageObject.AutomationPracticeFormPage] : Actual color hex: #dc3545
2024-07-02 21:54:39   INFO [pageObject.AutomationPracticeFormPage] : Expected Value #dc3545 equals #dc3545
2024-07-02 21:54:40   INFO [pageObject.AutomationPracticeFormPage] : Element is displayed [[ChromeDriver: chrome on WINDOWS (7f4d827bd17abcc9d75a770ef2b9f0b4)] -> xpath: //form[@class='was-validated']]
2024-07-02 21:54:42   INFO [pageObject.AutomationPracticeFormPage] : Actual color hex: #212529
2024-07-02 21:54:42   INFO [AutomationPracticeFormTests] : Browser was closed
2024-07-02 21:54:42   INFO [AutomationPracticeFormTests] : ----------test002 was ended
2024-07-02 22:05:11   INFO [LogoutTest] : --------test004 was started-----------
2024-07-02 22:05:13   INFO [LogoutTest] : Browser was opened
2024-07-02 22:05:22   INFO [pageObject.LoginPage] : Page was opened: https://demoqa.com/login
2024-07-02 22:05:22   INFO [pageObject.LoginPage] : testqa1207 was inputted into inputUserName
2024-07-02 22:05:22   INFO [pageObject.LoginPage] : P@ssw0rdabc was inputted into inputPassword
2024-07-02 22:05:27   INFO [pageObject.LoginPage] : Шаг выполнен: клик по элементу  прошел успешно.
2024-07-02 22:05:27   INFO [pageObject.ProfilePage] : Element is displayed [[ChromeDriver: chrome on WINDOWS (ec3772e3562744b96885d9b42ecf94d2)] -> xpath: //button[text()='Log out']]
2024-07-02 22:05:28   INFO [LogoutTest] : Browser was closed
2024-07-02 22:05:28   INFO [LogoutTest] : ----------test004 was ended
2024-07-02 22:10:01   INFO [LogoutTest] : --------test005 was started-----------
2024-07-02 22:10:03   INFO [LogoutTest] : Browser was opened
2024-07-02 22:10:13   INFO [pageObject.LoginPage] : Page was opened: https://demoqa.com/login
2024-07-02 22:10:13   INFO [pageObject.LoginPage] : testqa1207 was inputted into inputUserName
2024-07-02 22:10:13   INFO [pageObject.LoginPage] : P@ssw0rdabc was inputted into inputPassword
2024-07-02 22:10:19   INFO [pageObject.LoginPage] : Шаг выполнен: клик по элементу  прошел успешно.
2024-07-02 22:10:19   INFO [pageObject.ProfilePage] : Element is displayed [[ChromeDriver: chrome on WINDOWS (e16609df931b1f260cf4dd1c1b338924)] -> xpath: //button[text()='Log out']]
2024-07-02 22:10:24   INFO [pageObject.ProfilePage] : Шаг выполнен: клик по элементу  прошел успешно.
2024-07-02 22:10:24   INFO [LogoutTest] : Browser was closed
2024-07-02 22:10:24   INFO [LogoutTest] : ----------test005 was ended
2024-07-02 22:11:06   INFO [LogoutTest] : --------test005 was started-----------
2024-07-02 22:11:09   INFO [LogoutTest] : Browser was opened
2024-07-02 22:11:14   INFO [pageObject.LoginPage] : Page was opened: https://demoqa.com/login
2024-07-02 22:11:14   INFO [pageObject.LoginPage] : testqa1207 was inputted into inputUserName
2024-07-02 22:11:14   INFO [pageObject.LoginPage] : P@ssw0rdabc was inputted into inputPassword
2024-07-02 22:11:19   INFO [pageObject.LoginPage] : Шаг выполнен: клик по элементу  прошел успешно.
2024-07-02 22:11:19   INFO [pageObject.ProfilePage] : Element is displayed [[ChromeDriver: chrome on WINDOWS (b79e9192fa99154ec0333ae71de8f4da)] -> xpath: //button[text()='Log out']]
2024-07-02 22:11:25   INFO [pageObject.ProfilePage] : Шаг выполнен: клик по элементу  прошел успешно.
2024-07-02 22:11:25   INFO [LogoutTest] : Browser was closed
2024-07-02 22:11:25   INFO [LogoutTest] : ----------test005 was ended
2024-07-02 22:11:45   INFO [LogoutTest] : --------test005 was started-----------
2024-07-02 22:11:47   INFO [LogoutTest] : Browser was opened
2024-07-02 22:11:58   INFO [pageObject.LoginPage] : Page was opened: https://demoqa.com/login
2024-07-02 22:11:58   INFO [pageObject.LoginPage] : testqa1207 was inputted into inputUserName
2024-07-02 22:11:58   INFO [pageObject.LoginPage] : P@ssw0rdabc was inputted into inputPassword
2024-07-02 22:12:03   INFO [pageObject.LoginPage] : Шаг выполнен: клик по элементу  прошел успешно.
2024-07-02 22:12:03   INFO [pageObject.ProfilePage] : Element is displayed [[ChromeDriver: chrome on WINDOWS (decc2bdccaf9abe1408d150b436389b4)] -> xpath: //button[text()='Log out']]
2024-07-02 22:12:08   INFO [pageObject.ProfilePage] : Шаг выполнен: клик по элементу  прошел успешно.
2024-07-02 22:12:08   INFO [pageObject.LoginPage] : Url is correct
2024-07-02 22:12:09   INFO [LogoutTest] : Browser was closed
2024-07-02 22:12:09   INFO [LogoutTest] : ----------test005 was ended
2024-07-02 22:58:46   INFO [LogoutTest] : --------test005 was started-----------
2024-07-02 22:58:53   INFO [LogoutTest] : Browser was opened
2024-07-02 22:59:03   INFO [pageObject.LoginPage] : Page was opened: https://demoqa.com/login
2024-07-02 22:59:04   INFO [pageObject.LoginPage] : testqa1207 was inputted into inputUserName
2024-07-02 22:59:04   INFO [pageObject.LoginPage] : P@ssw0rdabc was inputted into inputPassword
2024-07-02 22:59:10   INFO [pageObject.LoginPage] : Шаг выполнен: клик по элементу  прошел успешно.
2024-07-02 22:59:10   INFO [pageObject.ProfilePage] : Element is displayed [[ChromeDriver: chrome on WINDOWS (e64f411aaabfa9a5fa5052c1ef1c9ca4)] -> xpath: //button[text()='Log out']]
2024-07-02 22:59:15   INFO [pageObject.ProfilePage] : Шаг выполнен: клик по элементу  прошел успешно.
2024-07-02 22:59:15   INFO [pageObject.LoginPage] : Url is correct
2024-07-02 22:59:15   INFO [pageObject.LoginPage] : Element is displayed [[ChromeDriver: chrome on WINDOWS (e64f411aaabfa9a5fa5052c1ef1c9ca4)] -> id: userName]
2024-07-02 22:59:15   INFO [pageObject.LoginPage] : Element is displayed [[ChromeDriver: chrome on WINDOWS (e64f411aaabfa9a5fa5052c1ef1c9ca4)] -> id: password]
2024-07-02 22:59:16   INFO [LogoutTest] : Browser was closed
2024-07-02 22:59:16   INFO [LogoutTest] : ----------test005 was ended
2024-07-02 22:59:55   INFO [AutomationPracticeFormTests] : --------test002 was started-----------
2024-07-02 23:00:00   INFO [AutomationPracticeFormTests] : Browser was opened
2024-07-02 23:00:10   INFO [pageObject.HomePage] : Page was opened: https://demoqa.com/
2024-07-02 23:00:16   INFO [pageObject.HomePage] : Шаг выполнен: клик по элементу  прошел успешно.
2024-07-02 23:00:16   INFO [pageObject.LeftForm] : Шаг выполнен: клик по элементу  прошел успешно.
2024-07-02 23:00:16   INFO [pageObject.AutomationPracticeFormPage] : Url is correct
2024-07-02 23:00:16   INFO [pageObject.AutomationPracticeFormPage] : Шаг выполнен: клик по элементу Submit прошел успешно.
2024-07-02 23:00:16   INFO [pageObject.AutomationPracticeFormPage] : Element is displayed [[ChromeDriver: chrome on WINDOWS (ecfd960b155f4b90919ef081ddc046c5)] -> xpath: //form[@class='was-validated']]
2024-07-02 23:00:19   INFO [pageObject.AutomationPracticeFormPage] : Actual color hex: #dc3545
2024-07-02 23:00:19   INFO [pageObject.AutomationPracticeFormPage] : Expected Value #dc3545 equals #dc3545
2024-07-02 23:00:19   INFO [pageObject.AutomationPracticeFormPage] : Actual color hex: #dc3545
2024-07-02 23:00:19   INFO [pageObject.AutomationPracticeFormPage] : Expected Value #dc3545 equals #dc3545
2024-07-02 23:00:19   INFO [pageObject.AutomationPracticeFormPage] : Actual color hex: #dc3545
2024-07-02 23:00:19   INFO [pageObject.AutomationPracticeFormPage] : Expected Value #dc3545 equals #dc3545
2024-07-02 23:00:19   INFO [pageObject.AutomationPracticeFormPage] : Url is correct
2024-07-02 23:00:20   INFO [AutomationPracticeFormTests] : Browser was closed
2024-07-02 23:00:20   INFO [AutomationPracticeFormTests] : ----------test002 was ended
2024-07-02 23:00:44   INFO [AutomationPracticeFormTests] : --------test001 was started-----------
2024-07-02 23:00:49   INFO [AutomationPracticeFormTests] : Browser was opened
2024-07-02 23:01:02   INFO [pageObject.HomePage] : Page was opened: https://demoqa.com/
2024-07-02 23:01:08   INFO [pageObject.HomePage] : Шаг выполнен: клик по элементу  прошел успешно.
2024-07-02 23:01:08   INFO [pageObject.LeftForm] : Шаг выполнен: клик по элементу  прошел успешно.
2024-07-02 23:01:08   INFO [pageObject.AutomationPracticeFormPage] : Url is correct
2024-07-02 23:01:09   INFO [pageObject.AutomationPracticeFormPage] : Tommy was inputted into inputFirst Name
2024-07-02 23:01:09   INFO [pageObject.AutomationPracticeFormPage] : Johnson was inputted into inputLast Name
2024-07-02 23:01:09   INFO [pageObject.AutomationPracticeFormPage] : automation1072156b6f064abf843c9cef68612676@gmail.com was inputted into inputname@example.com
2024-07-02 23:01:10   INFO [pageObject.AutomationPracticeFormPage] : Шаг выполнен: клик по элементу  прошел успешно.
2024-07-02 23:01:10   INFO [pageObject.AutomationPracticeFormPage] : 4380665455 was inputted into inputMobile Number
2024-07-02 23:01:10   INFO [pageObject.AutomationPracticeFormPage] : Шаг выполнен: клик по элементу  прошел успешно.
2024-07-02 23:01:11   INFO [pageObject.AutomationPracticeFormPage] : qctLbcukPePnPlfOfWBzxKUCbwdjFBmIXWTLZxQEpVhjvcDBgy was inputted into inputCurrent Address
2024-07-02 23:01:12  ERROR [pageObject.AutomationPracticeFormPage] : Ошибка при клике по элементу : element click intercepted: Element <div class=" css-2b097c-container" id="state">...</div> is not clickable at point (697, 622). Other element would receive the click: <iframe id="google_ads_iframe_/21849154601,22343295815/Ad.Plus-Anchor_0" name="google_ads_iframe_/21849154601,22343295815/Ad.Plus-Anchor_0" title="3rd party ad content" width="970" height="100" scrolling="no" marginwidth="0" marginheight="0" frameborder="0" aria-label="Advertisement" tabindex="0" style="border: 0px; vertical-align: bottom;" data-load-complete="true" data-google-container-id="1"></iframe>
  (Session info: chrome=121.0.6167.140)
Build info: version: '4.8.3', revision: 'e5e76298c3'
System info: os.name: 'Windows 10', os.arch: 'amd64', os.version: '10.0', java.version: '15.0.2'
Driver info: org.openqa.selenium.chrome.ChromeDriver
Command: [fc89adb2b513ede75546efa05b2ae32e, clickElement {id=65E8E45AE65B014213EC548D73B8ED0D_element_107}]
Capabilities {acceptInsecureCerts: false, browserName: chrome, browserVersion: 121.0.6167.140, chrome: {chromedriverVersion: 121.0.6167.85 (3f98d690ad7e..., userDataDir: C:\Users\Honor\AppData\Loca...}, fedcm:accounts: true, goog:chromeOptions: {debuggerAddress: localhost:62785}, networkConnectionEnabled: false, pageLoadStrategy: normal, platformName: WINDOWS, proxy: Proxy(), se:cdp: ws://localhost:62785/devtoo..., se:cdpVersion: 121.0.6167.140, setWindowRect: true, strictFileInteractability: false, timeouts: {implicit: 0, pageLoad: 300000, script: 30000}, unhandledPromptBehavior: dismiss and notify, webauthn:extension:credBlob: true, webauthn:extension:largeBlob: true, webauthn:extension:minPinLength: true, webauthn:extension:prf: true, webauthn:virtualAuthenticators: true}
Element: [[ChromeDriver: chrome on WINDOWS (fc89adb2b513ede75546efa05b2ae32e)] -> id: state]
Session ID: fc89adb2b513ede75546efa05b2ae32e
org.openqa.selenium.ElementClickInterceptedException: element click intercepted: Element <div class=" css-2b097c-container" id="state">...</div> is not clickable at point (697, 622). Other element would receive the click: <iframe id="google_ads_iframe_/21849154601,22343295815/Ad.Plus-Anchor_0" name="google_ads_iframe_/21849154601,22343295815/Ad.Plus-Anchor_0" title="3rd party ad content" width="970" height="100" scrolling="no" marginwidth="0" marginheight="0" frameborder="0" aria-label="Advertisement" tabindex="0" style="border: 0px; vertical-align: bottom;" data-load-complete="true" data-google-container-id="1"></iframe>
  (Session info: chrome=121.0.6167.140)
Build info: version: '4.8.3', revision: 'e5e76298c3'
System info: os.name: 'Windows 10', os.arch: 'amd64', os.version: '10.0', java.version: '15.0.2'
Driver info: org.openqa.selenium.chrome.ChromeDriver
Command: [fc89adb2b513ede75546efa05b2ae32e, clickElement {id=65E8E45AE65B014213EC548D73B8ED0D_element_107}]
Capabilities {acceptInsecureCerts: false, browserName: chrome, browserVersion: 121.0.6167.140, chrome: {chromedriverVersion: 121.0.6167.85 (3f98d690ad7e..., userDataDir: C:\Users\Honor\AppData\Loca...}, fedcm:accounts: true, goog:chromeOptions: {debuggerAddress: localhost:62785}, networkConnectionEnabled: false, pageLoadStrategy: normal, platformName: WINDOWS, proxy: Proxy(), se:cdp: ws://localhost:62785/devtoo..., se:cdpVersion: 121.0.6167.140, setWindowRect: true, strictFileInteractability: false, timeouts: {implicit: 0, pageLoad: 300000, script: 30000}, unhandledPromptBehavior: dismiss and notify, webauthn:extension:credBlob: true, webauthn:extension:largeBlob: true, webauthn:extension:minPinLength: true, webauthn:extension:prf: true, webauthn:virtualAuthenticators: true}
Element: [[ChromeDriver: chrome on WINDOWS (fc89adb2b513ede75546efa05b2ae32e)] -> id: state]
Session ID: fc89adb2b513ede75546efa05b2ae32e
	at java.base/jdk.internal.reflect.NativeConstructorAccessorImpl.newInstance0(Native Method)
	at java.base/jdk.internal.reflect.NativeConstructorAccessorImpl.newInstance(NativeConstructorAccessorImpl.java:64)
	at java.base/jdk.internal.reflect.DelegatingConstructorAccessorImpl.newInstance(DelegatingConstructorAccessorImpl.java:45)
	at java.base/java.lang.reflect.Constructor.newInstanceWithCaller(Constructor.java:500)
	at java.base/java.lang.reflect.Constructor.newInstance(Constructor.java:481)
	at org.openqa.selenium.remote.codec.w3c.W3CHttpResponseCodec.createException(W3CHttpResponseCodec.java:200)
	at org.openqa.selenium.remote.codec.w3c.W3CHttpResponseCodec.decode(W3CHttpResponseCodec.java:133)
	at org.openqa.selenium.remote.codec.w3c.W3CHttpResponseCodec.decode(W3CHttpResponseCodec.java:53)
	at org.openqa.selenium.remote.HttpCommandExecutor.execute(HttpCommandExecutor.java:193)
	at org.openqa.selenium.remote.service.DriverCommandExecutor.invokeExecute(DriverCommandExecutor.java:183)
	at org.openqa.selenium.remote.service.DriverCommandExecutor.execute(DriverCommandExecutor.java:158)
	at org.openqa.selenium.remote.RemoteWebDriver.execute(RemoteWebDriver.java:543)
	at org.openqa.selenium.remote.RemoteWebElement.execute(RemoteWebElement.java:257)
	at org.openqa.selenium.remote.RemoteWebElement.click(RemoteWebElement.java:78)
	at java.base/jdk.internal.reflect.NativeMethodAccessorImpl.invoke0(Native Method)
	at java.base/jdk.internal.reflect.NativeMethodAccessorImpl.invoke(NativeMethodAccessorImpl.java:64)
	at java.base/jdk.internal.reflect.DelegatingMethodAccessorImpl.invoke(DelegatingMethodAccessorImpl.java:43)
	at java.base/java.lang.reflect.Method.invoke(Method.java:564)
	at org.openqa.selenium.support.pagefactory.internal.LocatingElementHandler.invoke(LocatingElementHandler.java:52)
	at com.sun.proxy.$Proxy19.click(Unknown Source)
	at core.Actions.waitAndClick(Actions.java:117)
	at pageObject.AutomationPracticeFormPage.clickStateField(AutomationPracticeFormPage.java:82)
	at AutomationPracticeFormTests.test001(AutomationPracticeFormTests.java:35)
	at java.base/jdk.internal.reflect.NativeMethodAccessorImpl.invoke0(Native Method)
	at java.base/jdk.internal.reflect.NativeMethodAccessorImpl.invoke(NativeMethodAccessorImpl.java:64)
	at java.base/jdk.internal.reflect.DelegatingMethodAccessorImpl.invoke(DelegatingMethodAccessorImpl.java:43)
	at java.base/java.lang.reflect.Method.invoke(Method.java:564)
	at org.junit.runners.model.FrameworkMethod$1.runReflectiveCall(FrameworkMethod.java:50)
	at org.junit.internal.runners.model.ReflectiveCallable.run(ReflectiveCallable.java:12)
	at org.junit.runners.model.FrameworkMethod.invokeExplosively(FrameworkMethod.java:47)
	at org.junit.internal.runners.statements.InvokeMethod.evaluate(InvokeMethod.java:17)
	at org.junit.internal.runners.statements.RunBefores.evaluate(RunBefores.java:26)
	at org.junit.internal.runners.statements.RunAfters.evaluate(RunAfters.java:27)
	at org.junit.rules.TestWatcher$1.evaluate(TestWatcher.java:55)
	at org.junit.rules.RunRules.evaluate(RunRules.java:20)
	at org.junit.runners.ParentRunner.runLeaf(ParentRunner.java:325)
	at org.junit.runners.BlockJUnit4ClassRunner.runChild(BlockJUnit4ClassRunner.java:78)
	at org.junit.runners.BlockJUnit4ClassRunner.runChild(BlockJUnit4ClassRunner.java:57)
	at org.junit.runners.ParentRunner$3.run(ParentRunner.java:290)
	at org.junit.runners.ParentRunner$1.schedule(ParentRunner.java:71)
	at org.junit.runners.ParentRunner.runChildren(ParentRunner.java:288)
	at org.junit.runners.ParentRunner.access$000(ParentRunner.java:58)
	at org.junit.runners.ParentRunner$2.evaluate(ParentRunner.java:268)
	at org.junit.runners.ParentRunner.run(ParentRunner.java:363)
	at org.junit.runner.JUnitCore.run(JUnitCore.java:137)
	at com.intellij.junit4.JUnit4IdeaTestRunner.startRunnerWithArgs(JUnit4IdeaTestRunner.java:69)
	at com.intellij.rt.junit.IdeaTestRunner$Repeater$1.execute(IdeaTestRunner.java:38)
	at com.intellij.rt.execution.junit.TestsRepeater.repeat(TestsRepeater.java:11)
	at com.intellij.rt.junit.IdeaTestRunner$Repeater.startRunnerWithArgs(IdeaTestRunner.java:35)
	at com.intellij.rt.junit.JUnitStarter.prepareStreamsAndStart(JUnitStarter.java:232)
	at com.intellij.rt.junit.JUnitStarter.main(JUnitStarter.java:55)
2024-07-02 23:01:17   INFO [AutomationPracticeFormTests] : Browser was closed
2024-07-02 23:01:17   INFO [AutomationPracticeFormTests] : ----------test001 was ended
2024-07-02 23:01:27   INFO [AutomationPracticeFormTests] : --------test001 was started-----------
2024-07-02 23:01:31   INFO [AutomationPracticeFormTests] : Browser was opened
2024-07-02 23:01:44   INFO [pageObject.HomePage] : Page was opened: https://demoqa.com/
2024-07-02 23:01:50   INFO [pageObject.HomePage] : Шаг выполнен: клик по элементу  прошел успешно.
2024-07-02 23:01:50   INFO [pageObject.LeftForm] : Шаг выполнен: клик по элементу  прошел успешно.
2024-07-02 23:01:50   INFO [pageObject.AutomationPracticeFormPage] : Url is correct
2024-07-02 23:01:51   INFO [pageObject.AutomationPracticeFormPage] : Tommy was inputted into inputFirst Name
2024-07-02 23:01:51   INFO [pageObject.AutomationPracticeFormPage] : Johnson was inputted into inputLast Name
2024-07-02 23:01:51   INFO [pageObject.AutomationPracticeFormPage] : automationad4408532727478fafce962bca9baaa0@gmail.com was inputted into inputname@example.com
2024-07-02 23:01:51   INFO [pageObject.AutomationPracticeFormPage] : Шаг выполнен: клик по элементу  прошел успешно.
2024-07-02 23:01:52   INFO [pageObject.AutomationPracticeFormPage] : 4380665455 was inputted into inputMobile Number
2024-07-02 23:01:52   INFO [pageObject.AutomationPracticeFormPage] : Шаг выполнен: клик по элементу  прошел успешно.
2024-07-02 23:01:53   INFO [pageObject.AutomationPracticeFormPage] : RGUJIKOljNiQeuwetPQwOjHZPidksjEkLsvPVaxoeAhcSLSIPg was inputted into inputCurrent Address
2024-07-02 23:01:53   INFO [pageObject.AutomationPracticeFormPage] : Шаг выполнен: клик по элементу  прошел успешно.
2024-07-02 23:01:53   INFO [pageObject.AutomationPracticeFormPage] : Шаг выполнен: клик по элементу  прошел успешно.
2024-07-02 23:01:53   INFO [pageObject.AutomationPracticeFormPage] : Шаг выполнен: клик по элементу  прошел успешно.
2024-07-02 23:01:53   INFO [pageObject.AutomationPracticeFormPage] : Шаг выполнен: клик по элементу  прошел успешно.
2024-07-02 23:01:54   INFO [pageObject.AutomationPracticeFormPage] : Шаг выполнен: клик по элементу Submit прошел успешно.
2024-07-02 23:01:54   INFO [pageObject.AutomationPracticeFormPage] : Url is correct
2024-07-02 23:01:54   INFO [AutomationPracticeFormTests] : Browser was closed
2024-07-02 23:01:54   INFO [AutomationPracticeFormTests] : ----------test001 was ended
2024-07-02 23:02:09   INFO [LoginTests] : --------test004 was started-----------
2024-07-02 23:02:14   INFO [LoginTests] : Browser was opened
2024-07-02 23:02:27   INFO [pageObject.HomePage] : Page was opened: https://demoqa.com/
2024-07-02 23:02:32   INFO [pageObject.HomePage] : Шаг выполнен: клик по элементу  прошел успешно.
2024-07-02 23:02:33   INFO [pageObject.LeftForm] : Шаг выполнен: клик по элементу  прошел успешно.
2024-07-02 23:02:33   INFO [pageObject.LoginPage] : Url is correct
2024-07-02 23:02:33   INFO [pageObject.LoginPage] : testqa1207 was inputted into inputUserName
2024-07-02 23:02:33   INFO [pageObject.LoginPage] : P@ssw0rdabc was inputted into inputPassword
2024-07-02 23:02:39   INFO [pageObject.LoginPage] : Шаг выполнен: клик по элементу  прошел успешно.
2024-07-02 23:02:39   INFO [pageObject.ProfilePage] : Url is correct
2024-07-02 23:02:39   INFO [pageObject.ProfilePage] : Element is displayed [[ChromeDriver: chrome on WINDOWS (ecac6bce5dc9b0f5b4798394f6c111ed)] -> xpath: //button[text()='Log out']]
2024-07-02 23:02:39   INFO [LoginTests] : Browser was closed
2024-07-02 23:02:39   INFO [LoginTests] : ----------test004 was ended
2024-07-02 23:03:45   INFO [UploadDownloadTests] : --------test003 was started-----------
2024-07-02 23:03:47   INFO [UploadDownloadTests] : Browser was opened
2024-07-02 23:04:01   INFO [pageObject.HomePage] : Page was opened: https://demoqa.com/
2024-07-02 23:04:06   INFO [pageObject.HomePage] : Шаг выполнен: клик по элементу  прошел успешно.
2024-07-02 23:04:06   INFO [pageObject.LeftForm] : Шаг выполнен: клик по элементу  прошел успешно.
2024-07-02 23:04:06   INFO [pageObject.UploadDownloadPage] : Шаг выполнен: клик по элементу Download прошел успешно.
2024-07-02 23:04:07   INFO [pageObject.UploadDownloadPage] : Имя файла sampleFile.jpeg
2024-07-02 23:04:07   INFO [pageObject.UploadDownloadPage] : Директория существует. Список файлов:
2024-07-02 23:04:07   INFO [pageObject.UploadDownloadPage] : sampleFile.jpeg
2024-07-02 23:04:07   INFO [pageObject.UploadDownloadPage] : C:\AT\SadikovaG8Pr\SadikovaG8Pr\downloads\sampleFile.jpeg
2024-07-02 23:04:07   INFO [pageObject.UploadDownloadPage] : Файл успешно удален
2024-07-02 23:04:07   INFO [UploadDownloadTests] : Browser was closed
2024-07-02 23:04:07   INFO [UploadDownloadTests] : ----------test003 was ended
